2022-11-06 13:54:17,066 [main] INFO OrangeHRMAutomation - Loading config Properties file
2022-11-06 13:54:17,070 [main] INFO OrangeHRMAutomation - Using browser- chrome
2022-11-06 13:54:17,071 [main] INFO OrangeHRMAutomation - Getting chrome webdriver
2022-11-06 13:54:23,740 [main] INFO OrangeHRMAutomation - User lanuchs chrome browser
2022-11-06 13:54:23,755 [main] INFO OrangeHRMAutomation - Getting application URL- https://opensource-demo.orangehrmlive.com/
2022-11-06 13:54:39,972 [main] INFO OrangeHRMAutomation - Logging in application using Admin as an username and admin123 as a password
2022-11-06 13:54:40,202 [main] INFO OrangeHRMAutomation - Clicked on Login Button
2022-11-06 13:54:48,051 [main] INFO OrangeHRMAutomation - Successfully validated the Page Tile: OrangeHRM
2022-11-06 13:56:33,501 [main] INFO OrangeHRMAutomation - Loading config Properties file
2022-11-06 13:56:33,505 [main] INFO OrangeHRMAutomation - Using browser- chrome
2022-11-06 13:56:33,505 [main] INFO OrangeHRMAutomation - Getting chrome webdriver
2022-11-06 13:56:38,409 [main] INFO OrangeHRMAutomation - User lanuchs chrome browser
2022-11-06 13:56:38,416 [main] INFO OrangeHRMAutomation - Getting application URL- https://opensource-demo.orangehrmlive.com/
2022-11-06 13:56:48,251 [main] INFO OrangeHRMAutomation - Logging in application using Admin as an username and admin123 as a password
2022-11-06 13:56:48,340 [main] INFO OrangeHRMAutomation - Clicked on Login Button
2022-11-06 13:56:49,898 [main] INFO OrangeHRMAutomation - Successfully validated the Page Tile: OrangeHRM
2022-11-06 14:08:01,709 [main] INFO OrangeHRMAutomation - Loading config Properties file
2022-11-06 14:08:01,713 [main] INFO OrangeHRMAutomation - Using browser- chrome
2022-11-06 14:08:01,714 [main] INFO OrangeHRMAutomation - Getting chrome webdriver
2022-11-06 14:08:07,082 [main] INFO OrangeHRMAutomation - User lanuchs chrome browser
2022-11-06 14:08:07,089 [main] INFO OrangeHRMAutomation - Getting application URL- https://opensource-demo.orangehrmlive.com/
2022-11-06 14:08:12,986 [main] INFO OrangeHRMAutomation - Logging in application using Admin as an username and admin123 as a password
2022-11-06 14:08:13,115 [main] INFO OrangeHRMAutomation - Clicked on Login Button
2022-11-06 14:08:15,578 [main] INFO OrangeHRMAutomation - Successfully validated the Page Tile: OrangeHRM
2022-11-06 14:08:16,522 [main] INFO OrangeHRMAutomation - User clicked on My Profile icon
2022-11-06 14:08:18,119 [main] INFO OrangeHRMAutomation - logging out of an Application
2022-11-06 14:08:19,377 [main] INFO OrangeHRMAutomation - Closing browser
2022-11-06 15:44:04,680 [main] INFO OrangeHRMAutomation - Loading config Properties file
2022-11-06 15:44:04,685 [main] INFO OrangeHRMAutomation - Using browser- chrome
2022-11-06 15:44:04,685 [main] INFO OrangeHRMAutomation - Getting chrome webdriver
2022-11-06 15:44:09,719 [main] INFO OrangeHRMAutomation - User lanuchs chrome browser
2022-11-06 15:44:09,732 [main] INFO OrangeHRMAutomation - Getting application URL- https://opensource-demo.orangehrmlive.com/
2022-11-06 15:44:16,400 [main] INFO OrangeHRMAutomation - Logging in application using Admin as an username and admin123 as a password
2022-11-06 15:44:16,550 [main] INFO OrangeHRMAutomation - Clicked on Login Button
2022-11-06 15:44:17,718 [main] INFO OrangeHRMAutomation - Successfully validated the Page Tile: OrangeHRM
2022-11-06 15:44:18,162 [main] INFO OrangeHRMAutomation - User clicked on My Profile icon
2022-11-06 15:44:19,742 [main] INFO OrangeHRMAutomation - logging out of an Application
2022-11-06 15:44:36,023 [main] INFO OrangeHRMAutomation - Closing browser
2022-11-06 16:16:16,047 [main] INFO OrangeHRMAutomation - Loading config Properties file
2022-11-06 16:16:16,051 [main] INFO OrangeHRMAutomation - Using browser- chrome
2022-11-06 16:16:16,052 [main] INFO OrangeHRMAutomation - Getting chrome webdriver
2022-11-06 16:16:20,814 [main] INFO OrangeHRMAutomation - Loading config Properties file
2022-11-06 16:16:20,815 [main] INFO OrangeHRMAutomation - Using browser- chrome
2022-11-06 16:16:20,815 [main] INFO OrangeHRMAutomation - Getting chrome webdriver
2022-11-06 16:20:16,328 [main] INFO OrangeHRMAutomation - Loading config Properties file
2022-11-06 16:20:16,333 [main] INFO OrangeHRMAutomation - Using browser- chrome
2022-11-06 16:20:16,333 [main] INFO OrangeHRMAutomation - Getting chrome webdriver
2022-11-06 16:25:10,651 [main] INFO OrangeHRMAutomation - Loading config Properties file
2022-11-06 16:25:10,657 [main] INFO OrangeHRMAutomation - Using browser- chrome
2022-11-06 16:25:10,658 [main] INFO OrangeHRMAutomation - Getting chrome webdriver
2022-11-06 16:33:24,442 [main] INFO OrangeHRMAutomation - Loading config Properties file
2022-11-06 16:33:24,446 [main] INFO OrangeHRMAutomation - Using browser- chrome
2022-11-06 16:33:24,446 [main] INFO OrangeHRMAutomation - Getting chrome webdriver
2022-11-06 16:33:36,217 [main] INFO OrangeHRMAutomation - Launchied an application Url: using https://www.amazon.in/
2022-11-06 16:36:43,172 [main] INFO OrangeHRMAutomation - Loading config Properties file
2022-11-06 16:36:43,177 [main] INFO OrangeHRMAutomation - Using browser- chrome
2022-11-06 16:36:43,177 [main] INFO OrangeHRMAutomation - Getting chrome webdriver
2022-11-06 16:36:57,223 [main] INFO OrangeHRMAutomation - Launchied an application Url: using https://www.amazon.in/
2022-11-06 16:37:01,543 [main] INFO OrangeHRMAutomation - Click on SignIn
2022-11-06 16:37:01,593 [main] INFO OrangeHRMAutomation - Sign In Page displayed
2022-11-06 16:37:01,696 [main] INFO OrangeHRMAutomation - User enterd user name as  : 7093348874
2022-11-06 16:37:02,652 [main] INFO OrangeHRMAutomation - User clicked on Continue button
2022-11-06 16:37:02,723 [main] INFO OrangeHRMAutomation - User enterd Password as  : Jagan@007
2022-11-06 16:39:31,390 [main] INFO OrangeHRMAutomation - Loading config Properties file
2022-11-06 16:39:31,440 [main] INFO OrangeHRMAutomation - Using browser- chrome
2022-11-06 16:39:31,440 [main] INFO OrangeHRMAutomation - Getting chrome webdriver
2022-11-06 16:39:39,833 [main] INFO OrangeHRMAutomation - Launchied an application Url: using https://www.amazon.in/
2022-11-06 16:39:42,448 [main] INFO OrangeHRMAutomation - Click on SignIn
2022-11-06 16:39:42,485 [main] INFO OrangeHRMAutomation - Sign In Page displayed
2022-11-06 16:39:42,575 [main] INFO OrangeHRMAutomation - User enterd user name as  : 7093348874
2022-11-06 16:39:43,765 [main] INFO OrangeHRMAutomation - User clicked on Continue button
2022-11-06 16:39:43,835 [main] INFO OrangeHRMAutomation - User enterd Password as  : Jagan@007
2022-11-06 16:47:17,917 [main] INFO OrangeHRMAutomation - Loading config Properties file
2022-11-06 16:47:17,924 [main] INFO OrangeHRMAutomation - Using browser- chrome
2022-11-06 16:47:17,924 [main] INFO OrangeHRMAutomation - Getting chrome webdriver
2022-11-06 16:47:27,660 [main] INFO OrangeHRMAutomation - Launchied an application Url: using https://www.amazon.in/
2022-11-06 16:47:29,272 [main] INFO OrangeHRMAutomation - Click on SignIn
2022-11-06 16:47:29,375 [main] INFO OrangeHRMAutomation - Sign In Page displayed
2022-11-06 16:47:29,481 [main] INFO OrangeHRMAutomation - User enterd user name as  : 7093348874
2022-11-06 16:47:31,847 [main] INFO OrangeHRMAutomation - User clicked on Continue button
2022-11-06 16:47:31,921 [main] INFO OrangeHRMAutomation - User enterd Password as  : Jagan@007
2022-11-06 17:04:59,154 [main] INFO OrangeHRMAutomation - Loading config Properties file
2022-11-06 17:04:59,160 [main] INFO OrangeHRMAutomation - Using browser- chrome
2022-11-06 17:04:59,160 [main] INFO OrangeHRMAutomation - Getting chrome webdriver
2022-11-06 17:05:10,374 [main] INFO OrangeHRMAutomation - Launchied an application Url: using https://www.amazon.in/
2022-11-06 17:05:14,279 [main] INFO OrangeHRMAutomation - Click on SignIn
2022-11-06 17:05:14,381 [main] INFO OrangeHRMAutomation - Sign In Page displayed
2022-11-06 17:05:14,833 [main] INFO OrangeHRMAutomation - User enterd user name as  : 7093348874
2022-11-06 17:05:15,815 [main] INFO OrangeHRMAutomation - User clicked on Continue button
2022-11-06 17:05:15,925 [main] INFO OrangeHRMAutomation - User enterd Password as  : Jagan@007
2022-11-06 17:09:36,831 [main] INFO OrangeHRMAutomation - Loading config Properties file
2022-11-06 17:09:36,836 [main] INFO OrangeHRMAutomation - Using browser- chrome
2022-11-06 17:09:36,836 [main] INFO OrangeHRMAutomation - Getting chrome webdriver
2022-11-06 17:09:52,859 [main] INFO OrangeHRMAutomation - Launchied an application Url: using https://www.amazon.in/
2022-11-06 17:09:57,796 [main] INFO OrangeHRMAutomation - Click on SignIn
2022-11-06 17:09:57,938 [main] INFO OrangeHRMAutomation - Sign In Page displayed
2022-11-06 17:09:58,406 [main] INFO OrangeHRMAutomation - User enterd user name as  : 7093348874
2022-11-06 17:09:59,346 [main] INFO OrangeHRMAutomation - User clicked on Continue button
2022-11-06 17:09:59,427 [main] INFO OrangeHRMAutomation - User enterd Password as  : Jagan@007
2022-11-06 17:20:08,528 [main] INFO OrangeHRMAutomation - Loading config Properties file
2022-11-06 17:20:08,533 [main] INFO OrangeHRMAutomation - Using browser- chrome
2022-11-06 17:20:08,534 [main] INFO OrangeHRMAutomation - Getting chrome webdriver
2022-11-06 17:20:16,479 [main] INFO OrangeHRMAutomation - Launchied an application Url: using https://www.amazon.in/
2022-11-06 17:20:19,871 [main] INFO OrangeHRMAutomation - Click on SignIn
2022-11-06 17:20:20,069 [main] INFO OrangeHRMAutomation - Sign In Page displayed
2022-11-06 17:20:20,487 [main] INFO OrangeHRMAutomation - User enterd user name as  : 7093348874
2022-11-06 17:20:23,125 [main] INFO OrangeHRMAutomation - User clicked on Continue button
2022-11-06 17:20:23,212 [main] INFO OrangeHRMAutomation - User enterd Password as  : Jagan@007
2022-11-06 21:34:01,726 [main] INFO OrangeHRMAutomation - Loading config Properties file
2022-11-06 21:34:01,791 [main] INFO OrangeHRMAutomation - Using browser- chrome
2022-11-06 21:34:01,791 [main] INFO OrangeHRMAutomation - Getting chrome webdriver
2022-11-06 21:34:15,260 [main] INFO OrangeHRMAutomation - Launched an application Url: using https://www.amazon.in/
2022-11-06 21:34:18,577 [main] INFO OrangeHRMAutomation - Click on SignIn
2022-11-06 21:34:18,743 [main] INFO OrangeHRMAutomation - Sign In Page displayed
2022-11-06 21:34:18,872 [main] INFO OrangeHRMAutomation - User enterd user name as  : 7093348874
2022-11-06 21:34:20,613 [main] INFO OrangeHRMAutomation - User clicked on Continue button
2022-11-06 21:34:20,698 [main] INFO OrangeHRMAutomation - User enterd Password as  : Jagan@007
2022-11-07 12:07:58,597 [main] INFO OrangeHRMAutomation - Loading config Properties file
2022-11-07 12:07:58,623 [main] INFO OrangeHRMAutomation - Using browser- chrome
2022-11-07 12:07:58,623 [main] INFO OrangeHRMAutomation - Getting chrome webdriver
2022-11-07 12:08:05,887 [main] INFO OrangeHRMAutomation - User lanuchs chrome browser
2022-11-07 12:08:05,893 [main] INFO OrangeHRMAutomation - Getting application URL- https://opensource-demo.orangehrmlive.com/
2022-11-07 12:08:11,754 [main] INFO OrangeHRMAutomation - Logging in application using Admin as an username and admin123 as a password
2022-11-07 12:08:11,911 [main] INFO OrangeHRMAutomation - Clicked on Login Button
2022-11-07 12:08:13,793 [main] INFO OrangeHRMAutomation - Successfully validated the Page Tile: OrangeHRM
2022-11-07 12:08:14,610 [main] INFO OrangeHRMAutomation - User clicked on My Profile icon
2022-11-07 12:08:16,349 [main] INFO OrangeHRMAutomation - logging out of an Application
2022-11-07 12:08:16,628 [main] INFO OrangeHRMAutomation - Closing browser
2022-11-07 12:14:36,709 [main] INFO OrangeHRMAutomation - Loading config Properties file
2022-11-07 12:14:36,714 [main] INFO OrangeHRMAutomation - Using browser- chrome
2022-11-07 12:14:36,714 [main] INFO OrangeHRMAutomation - Getting chrome webdriver
2022-11-07 12:14:49,085 [main] INFO OrangeHRMAutomation - Launched an application Url: using https://www.amazon.in/
2022-11-07 12:14:51,253 [main] INFO OrangeHRMAutomation - Click on SignIn
2022-11-07 12:14:51,359 [main] INFO OrangeHRMAutomation - Sign In Page displayed
2022-11-07 12:14:51,465 [main] INFO OrangeHRMAutomation - User enterd user name as  : 7093348874
2022-11-07 12:14:52,402 [main] INFO OrangeHRMAutomation - User clicked on Continue button
2022-11-07 12:14:52,500 [main] INFO OrangeHRMAutomation - User enterd Password as  : Jagan@007
2022-11-07 12:21:31,388 [main] INFO OrangeHRMAutomation - Loading config Properties file
2022-11-07 12:21:31,395 [main] INFO OrangeHRMAutomation - Using browser- chrome
2022-11-07 12:21:31,395 [main] INFO OrangeHRMAutomation - Getting chrome webdriver
2022-11-07 12:21:31,494 [main] INFO OrangeHRMAutomation - Loading config Properties file
2022-11-07 12:21:31,502 [main] INFO OrangeHRMAutomation - Using browser- chrome
2022-11-07 12:21:31,503 [main] INFO OrangeHRMAutomation - Getting chrome webdriver
2022-11-07 12:21:46,686 [main] INFO OrangeHRMAutomation - Launched an application Url: using https://www.amazon.in/
2022-11-07 12:21:47,243 [main] INFO OrangeHRMAutomation - Launched an application Url: using https://www.amazon.in/
2022-11-07 12:21:50,048 [main] INFO OrangeHRMAutomation - Click on SignIn
2022-11-07 12:21:50,163 [main] INFO OrangeHRMAutomation - Sign In Page displayed
2022-11-07 12:21:50,289 [main] INFO OrangeHRMAutomation - User enterd user name as  : 7093348874
2022-11-07 12:21:52,597 [main] INFO OrangeHRMAutomation - User clicked on Continue button
2022-11-07 12:21:52,752 [main] INFO OrangeHRMAutomation - User enterd Password as  : Jagan@007
2022-11-07 12:21:52,793 [main] INFO OrangeHRMAutomation - Click on SignIn
2022-11-07 12:21:52,971 [main] INFO OrangeHRMAutomation - Sign In Page displayed
2022-11-07 12:21:53,148 [main] INFO OrangeHRMAutomation - User enterd user name as  : 7093348874
2022-11-07 12:21:54,381 [main] INFO OrangeHRMAutomation - User clicked on Continue button
2022-11-07 12:21:54,527 [main] INFO OrangeHRMAutomation - User enterd Password as  : Jagan@007
2022-11-07 13:12:54,657 [main] INFO OrangeHRMAutomation - Loading config Properties file
2022-11-07 13:12:54,661 [main] INFO OrangeHRMAutomation - Using browser- chrome
2022-11-07 13:12:54,662 [main] INFO OrangeHRMAutomation - Getting chrome webdriver
2022-11-07 13:13:08,939 [main] INFO OrangeHRMAutomation - Launched an application Url: using https://www.amazon.in/
2022-11-07 13:13:12,236 [main] INFO OrangeHRMAutomation - Click on SignIn
2022-11-07 13:13:12,359 [main] INFO OrangeHRMAutomation - Sign In Page displayed
2022-11-07 13:13:12,844 [main] INFO OrangeHRMAutomation - User enterd user name as  : 7093348874
2022-11-07 13:13:13,827 [main] INFO OrangeHRMAutomation - User clicked on Continue button
2022-11-07 13:13:13,913 [main] INFO OrangeHRMAutomation - User enterd Password as  : Jagan@007
2022-11-07 13:13:30,778 [main] INFO OrangeHRMAutomation - Loading config Properties file
2022-11-07 13:13:30,778 [main] INFO OrangeHRMAutomation - Using browser- chrome
2022-11-07 13:13:30,779 [main] INFO OrangeHRMAutomation - Getting chrome webdriver
2022-11-07 13:13:43,548 [main] INFO OrangeHRMAutomation - Launched an application Url: using https://www.amazon.in/
2022-11-07 13:13:45,359 [main] INFO OrangeHRMAutomation - Click on SignIn
2022-11-07 13:13:45,394 [main] INFO OrangeHRMAutomation - Sign In Page displayed
2022-11-07 13:13:45,544 [main] INFO OrangeHRMAutomation - User enterd user name as  : 7093348874
2022-11-07 13:13:46,707 [main] INFO OrangeHRMAutomation - User clicked on Continue button
2022-11-07 13:13:46,804 [main] INFO OrangeHRMAutomation - User enterd Password as  : Jagan@007
2022-11-07 13:14:01,621 [main] INFO OrangeHRMAutomation - Loading config Properties file
2022-11-07 13:14:01,621 [main] INFO OrangeHRMAutomation - Using browser- chrome
2022-11-07 13:14:01,622 [main] INFO OrangeHRMAutomation - Getting chrome webdriver
2022-11-08 11:26:59,721 [main] INFO OrangeHRMAutomation - Loading config Properties file
2022-11-08 11:26:59,726 [main] INFO OrangeHRMAutomation - Using browser- chrome
2022-11-08 11:26:59,727 [main] INFO OrangeHRMAutomation - Getting chrome webdriver
2022-11-08 11:27:11,355 [main] INFO OrangeHRMAutomation - Launched an application Url: using https://www.amazon.in/
2022-11-08 11:27:13,555 [main] INFO OrangeHRMAutomation - Click on SignIn
2022-11-08 11:27:13,647 [main] INFO OrangeHRMAutomation - Sign In Page displayed
2022-11-08 11:27:13,745 [main] INFO OrangeHRMAutomation - User enterd user name as  : 7093348874
2022-11-08 11:27:15,042 [main] INFO OrangeHRMAutomation - User clicked on Continue button
2022-11-08 11:27:15,126 [main] INFO OrangeHRMAutomation - User enterd Password as  : Jagan@007
2022-11-08 11:27:28,310 [main] INFO OrangeHRMAutomation - Loading config Properties file
2022-11-08 11:27:28,310 [main] INFO OrangeHRMAutomation - Using browser- chrome
2022-11-08 11:27:28,311 [main] INFO OrangeHRMAutomation - Getting chrome webdriver
2022-11-08 11:27:44,297 [main] INFO OrangeHRMAutomation - Launched an application Url: using https://www.amazon.in/
2022-11-08 11:27:45,866 [main] INFO OrangeHRMAutomation - Click on SignIn
2022-11-08 11:27:45,895 [main] INFO OrangeHRMAutomation - Sign In Page displayed
2022-11-08 11:27:46,000 [main] INFO OrangeHRMAutomation - User enterd user name as  : 7093348874
2022-11-08 11:27:47,285 [main] INFO OrangeHRMAutomation - User clicked on Continue button
2022-11-08 11:27:47,364 [main] INFO OrangeHRMAutomation - User enterd Password as  : Jagan@007
2022-11-08 11:28:03,100 [main] INFO OrangeHRMAutomation - Loading config Properties file
2022-11-08 11:28:03,101 [main] INFO OrangeHRMAutomation - Using browser- chrome
2022-11-08 11:28:03,102 [main] INFO OrangeHRMAutomation - Getting chrome webdriver
2022-11-08 11:28:19,094 [main] INFO OrangeHRMAutomation - Launched an application Url: using https://www.amazon.in/
2022-11-08 11:28:20,613 [main] INFO OrangeHRMAutomation - Click on SignIn
2022-11-08 11:28:20,640 [main] INFO OrangeHRMAutomation - Sign In Page displayed
2022-11-08 11:28:20,727 [main] INFO OrangeHRMAutomation - User enterd user name as  : 7093348874
2022-11-08 11:28:22,183 [main] INFO OrangeHRMAutomation - User clicked on Continue button
2022-11-08 11:28:22,253 [main] INFO OrangeHRMAutomation - User enterd Password as  : Jagan@007
2022-11-09 12:44:57,542 [main] INFO OrangeHRMAutomation - Loading config Properties file
2022-11-09 12:44:57,643 [main] INFO OrangeHRMAutomation - Using browser- chrome
2022-11-09 12:44:57,643 [main] INFO OrangeHRMAutomation - Getting chrome webdriver
2022-11-09 12:45:12,892 [main] INFO OrangeHRMAutomation - Launched an application Url: using https://uat.capitalmonitor.ai/
2022-11-09 12:45:45,769 [main] INFO OrangeHRMAutomation - Loading config Properties file
2022-11-09 12:45:45,773 [main] INFO OrangeHRMAutomation - Using browser- chrome
2022-11-09 12:45:45,773 [main] INFO OrangeHRMAutomation - Getting chrome webdriver
2022-11-09 12:45:58,698 [main] INFO OrangeHRMAutomation - Launched an application Url: using https://uat.capitalmonitor.ai/
2022-11-09 12:46:52,808 [main] INFO OrangeHRMAutomation - Loading config Properties file
2022-11-09 12:46:52,812 [main] INFO OrangeHRMAutomation - Using browser- chrome
2022-11-09 12:46:52,813 [main] INFO OrangeHRMAutomation - Getting chrome webdriver
2022-11-09 12:47:06,592 [main] INFO OrangeHRMAutomation - Launched an application Url: using https://uat.capitalmonitor.ai/
2022-11-09 12:47:43,378 [main] INFO OrangeHRMAutomation - Loading config Properties file
2022-11-09 12:47:43,385 [main] INFO OrangeHRMAutomation - Using browser- chrome
2022-11-09 12:47:43,386 [main] INFO OrangeHRMAutomation - Getting chrome webdriver
2022-11-09 12:47:59,629 [main] INFO OrangeHRMAutomation - Launched an application Url: using https://uat.capitalmonitor.ai/
2022-11-17 18:28:31,038 [main] INFO Amazon - Loading config Properties file
2022-11-17 18:28:31,109 [main] INFO Amazon - Using browser- chrome
2022-11-17 18:28:31,110 [main] INFO Amazon - Getting chrome webdriver
2022-11-17 18:28:49,670 [main] INFO Amazon - Launched an application Url: using https://www.amazon.in/
2022-11-17 18:28:53,722 [main] INFO Amazon - Click on SignIn
2022-11-17 18:28:54,129 [main] INFO Amazon - Sign In Page displayed
2022-11-17 18:28:54,233 [main] INFO Amazon - User enterd user name as  : 7093348874
2022-11-17 18:28:55,434 [main] INFO Amazon - User clicked on Continue button
2022-11-17 18:28:55,516 [main] INFO Amazon - User enterd Password as  : Jagan@007
2022-11-21 13:08:47,150 [main] INFO Amazon - Loading config Properties file
2022-11-21 13:08:47,300 [main] INFO Amazon - Using browser- chrome
2022-11-21 13:08:47,300 [main] INFO Amazon - Getting chrome webdriver
2022-11-21 13:08:59,385 [main] INFO Amazon - Launched an application Url: using https://www.amazon.in/
2022-11-21 13:09:01,910 [main] INFO Amazon - Click on SignIn
2022-11-21 13:09:01,956 [main] INFO Amazon - Sign In Page displayed
2022-11-21 13:09:02,046 [main] INFO Amazon - User enterd user name as  : 7093348874
2022-11-21 13:09:03,296 [main] INFO Amazon - User clicked on Continue button
2022-11-21 13:09:03,372 [main] INFO Amazon - User enterd Password as  : Jagan@007
2022-11-21 13:09:24,553 [main] INFO Amazon - Loading config Properties file
2022-11-21 13:09:24,554 [main] INFO Amazon - Using browser- chrome
2022-11-21 13:09:24,555 [main] INFO Amazon - Getting chrome webdriver
2022-11-21 13:09:25,045 [main] INFO Amazon - Loading config Properties file
2022-11-21 13:09:25,045 [main] INFO Amazon - Using browser- chrome
2022-11-21 13:09:25,046 [main] INFO Amazon - Getting chrome webdriver
2022-12-06 15:42:28,846 [main] INFO Amazon - Loading config Properties file
2022-12-06 15:42:28,951 [main] INFO Amazon - Using browser- chrome
2022-12-06 15:42:28,952 [main] INFO Amazon - Getting chrome webdriver
2022-12-06 15:42:42,121 [main] INFO Amazon - Launched an application Url: using https://www.amazon.in/
2022-12-06 15:42:44,310 [main] INFO Amazon - Click on SignIn
2022-12-06 15:42:44,815 [main] INFO Amazon - Sign In Page displayed
2022-12-06 15:42:44,925 [main] INFO Amazon - User enterd user name as  : 7093348874
2022-12-06 15:42:45,912 [main] INFO Amazon - User clicked on Continue button
2022-12-06 15:42:46,001 [main] INFO Amazon - User enterd Password as  : Jagan@007
2022-12-06 15:45:45,465 [main] INFO Amazon - Loading config Properties file
2022-12-06 15:45:45,517 [main] INFO Amazon - Using browser- chrome
2022-12-06 15:45:45,518 [main] INFO Amazon - Getting chrome webdriver
2022-12-06 15:45:57,152 [main] INFO Amazon - Launched an application Url: using https://www.amazon.in/
2022-12-06 15:45:59,196 [main] INFO Amazon - Click on SignIn
2022-12-06 15:45:59,236 [main] INFO Amazon - Sign In Page displayed
2022-12-06 15:45:59,344 [main] INFO Amazon - User enterd user name as  : 7093348874
2022-12-06 15:46:00,458 [main] INFO Amazon - User clicked on Continue button
2022-12-06 15:46:00,573 [main] INFO Amazon - User enterd Password as  : Jagan@007
2022-12-06 15:49:34,455 [main] INFO Amazon - Loading config Properties file
2022-12-06 15:49:34,462 [main] INFO Amazon - Using browser- chrome
2022-12-06 15:49:34,462 [main] INFO Amazon - Getting chrome webdriver
2022-12-06 15:49:44,155 [main] INFO Amazon - Launched an application Url: using https://www.amazon.in/
2022-12-06 15:49:46,793 [main] INFO Amazon - Click on SignIn
2022-12-06 15:49:46,832 [main] INFO Amazon - Sign In Page displayed
2022-12-06 15:49:46,976 [main] INFO Amazon - User enterd user name as  : 7093348874
2022-12-06 15:49:48,396 [main] INFO Amazon - User clicked on Continue button
2022-12-06 15:49:48,482 [main] INFO Amazon - User enterd Password as  : Jagan@007
2022-12-06 15:50:03,219 [main] INFO Amazon - Loading config Properties file
2022-12-06 15:50:03,220 [main] INFO Amazon - Using browser- chrome
2022-12-06 15:50:03,221 [main] INFO Amazon - Getting chrome webdriver
2022-12-06 15:50:07,950 [main] INFO Amazon - Launched an application Url: using https://www.amazon.in/
2022-12-06 15:50:09,626 [main] INFO Amazon - Click on SignIn
2022-12-06 15:50:09,662 [main] INFO Amazon - Sign In Page displayed
2022-12-06 15:50:09,780 [main] INFO Amazon - User enterd user name as  : 7093348874
2022-12-06 15:50:10,712 [main] INFO Amazon - User clicked on Continue button
2022-12-06 15:50:10,813 [main] INFO Amazon - User enterd Password as  : Jagan@007
2022-12-06 15:50:22,168 [main] INFO Amazon - Loading config Properties file
2022-12-06 15:50:22,169 [main] INFO Amazon - Using browser- chrome
2022-12-06 15:50:22,169 [main] INFO Amazon - Getting chrome webdriver
2022-12-06 15:50:25,483 [main] INFO Amazon - Launched an application Url: using https://www.amazon.in/
2022-12-06 15:50:27,331 [main] INFO Amazon - Click on SignIn
2022-12-06 15:50:27,362 [main] INFO Amazon - Sign In Page displayed
2022-12-06 15:50:27,471 [main] INFO Amazon - User enterd user name as  : 7093348874
2022-12-06 15:50:28,435 [main] INFO Amazon - User clicked on Continue button
2022-12-06 15:50:28,521 [main] INFO Amazon - User enterd Password as  : Jagan@007
2022-12-13 18:52:28,520 [main] INFO Amazon - Loading config Properties file
2022-12-13 18:52:28,611 [main] INFO Amazon - Using browser- chrome
2022-12-13 18:52:28,612 [main] INFO Amazon - Getting chrome webdriver
2022-12-13 18:52:50,495 [main] INFO Amazon - Loading config Properties file
2022-12-13 18:52:50,500 [main] INFO Amazon - Using browser- chrome
2022-12-13 18:52:50,501 [main] INFO Amazon - Getting chrome webdriver
2022-12-13 18:53:02,933 [main] INFO Amazon - Launched an application Url: using https://www.amazon.in/
2022-12-13 18:53:03,351 [main] INFO Amazon - Loading config Properties file
2022-12-13 18:53:03,351 [main] INFO Amazon - Using browser- chrome
2022-12-13 18:53:03,351 [main] INFO Amazon - Getting chrome webdriver
2022-12-13 18:53:03,413 [main] INFO Amazon - Loading config Properties file
2022-12-13 18:53:03,414 [main] INFO Amazon - Using browser- chrome
2022-12-13 18:53:03,414 [main] INFO Amazon - Getting chrome webdriver
2022-12-17 11:07:08,669 [main] INFO Amazon - Loading config Properties file
2022-12-17 11:07:08,715 [main] INFO Amazon - Using browser- chrome
2022-12-17 11:07:08,715 [main] INFO Amazon - Getting chrome webdriver
2022-12-17 11:07:22,299 [main] INFO Amazon - Launched an application Url: using https://www.amazon.in/
2022-12-17 11:07:24,089 [main] INFO Amazon - Click on SignIn
2022-12-17 11:07:24,148 [main] INFO Amazon - Sign In Page displayed
2022-12-17 11:07:24,263 [main] INFO Amazon - User enterd user name as  : 7093348
2022-12-17 11:08:19,910 [main] INFO Amazon - Loading config Properties file
2022-12-17 11:08:19,915 [main] INFO Amazon - Using browser- chrome
2022-12-17 11:08:19,915 [main] INFO Amazon - Getting chrome webdriver
2022-12-17 11:08:32,323 [main] INFO Amazon - Launched an application Url: using https://www.amazon.in/
2022-12-17 11:08:37,642 [main] INFO Amazon - Click on SignIn
2022-12-17 11:08:37,737 [main] INFO Amazon - Sign In Page displayed
2022-12-17 11:08:38,015 [main] INFO Amazon - User enterd user name as  : 709334874
2022-12-17 11:09:04,765 [main] INFO Amazon - Loading config Properties file
2022-12-17 11:09:04,826 [main] INFO Amazon - Using browser- chrome
2022-12-17 11:09:04,827 [main] INFO Amazon - Getting chrome webdriver
2022-12-17 11:09:15,616 [main] INFO Amazon - Launched an application Url: using https://www.amazon.in/
2022-12-17 11:09:22,761 [main] INFO Amazon - Click on SignIn
2022-12-17 11:09:22,800 [main] INFO Amazon - Sign In Page displayed
2022-12-17 11:09:22,898 [main] INFO Amazon - User enterd user name as  : 7093348874
2022-12-17 11:09:23,891 [main] INFO Amazon - User clicked on Continue button
2022-12-17 11:09:23,967 [main] INFO Amazon - User enterd Password as  : Jagan@007
2022-12-17 11:12:54,666 [main] INFO Amazon - Loading config Properties file
2022-12-17 11:12:54,671 [main] INFO Amazon - Using browser- chrome
2022-12-17 11:12:54,671 [main] INFO Amazon - Getting chrome webdriver
2022-12-17 11:13:08,786 [main] INFO Amazon - Launched an application Url: using https://www.amazon.in/
2022-12-17 11:13:11,803 [main] INFO Amazon - Click on SignIn
2022-12-17 11:13:11,852 [main] INFO Amazon - Sign In Page displayed
2022-12-17 11:13:11,971 [main] INFO Amazon - User enterd user name as  : 7093348874
2022-12-17 11:13:13,065 [main] INFO Amazon - User clicked on Continue button
2022-12-17 11:13:13,178 [main] INFO Amazon - User enterd Password as  : Jagan@007
2022-12-17 11:13:28,971 [main] INFO Amazon - Loading config Properties file
2022-12-17 11:13:28,972 [main] INFO Amazon - Using browser- chrome
2022-12-17 11:13:28,972 [main] INFO Amazon - Getting chrome webdriver
2022-12-17 11:13:35,029 [main] INFO Amazon - Launched an application Url: using https://www.amazon.in/
2022-12-17 11:13:36,780 [main] INFO Amazon - Click on SignIn
2022-12-17 11:13:36,807 [main] INFO Amazon - Sign In Page displayed
2022-12-17 11:13:36,906 [main] INFO Amazon - User enterd user name as  : 7093348874
2022-12-17 11:13:37,961 [main] INFO Amazon - User clicked on Continue button
2022-12-17 11:13:38,106 [main] INFO Amazon - User enterd Password as  : Jagan@007
2022-12-17 11:13:48,542 [main] INFO Amazon - Loading config Properties file
2022-12-17 11:13:48,543 [main] INFO Amazon - Using browser- chrome
2022-12-17 11:13:48,543 [main] INFO Amazon - Getting chrome webdriver
2022-12-17 11:13:54,984 [main] INFO Amazon - Launched an application Url: using https://www.amazon.in/
2022-12-17 11:13:56,059 [main] INFO Amazon - Click on SignIn
2022-12-17 11:13:56,087 [main] INFO Amazon - Sign In Page displayed
2022-12-17 11:13:56,176 [main] INFO Amazon - User enterd user name as  : 7093348874
2022-12-17 11:13:57,032 [main] INFO Amazon - User clicked on Continue button
2022-12-17 11:13:57,105 [main] INFO Amazon - User enterd Password as  : Jagan@007
2023-01-26 11:15:58,867 [main] INFO Amazon - Loading config Properties file
2023-01-26 11:15:58,908 [main] INFO Amazon - Using browser- chrome
2023-01-26 11:15:58,909 [main] INFO Amazon - Getting chrome webdriver
2023-01-26 11:18:39,749 [main] INFO Amazon - Loading config Properties file
2023-01-26 11:18:39,807 [main] INFO Amazon - Using browser- chrome
2023-01-26 11:18:39,807 [main] INFO Amazon - Getting chrome webdriver
2023-01-26 12:19:01,898 [main] INFO Amazon - Loading config Properties file
2023-01-26 12:19:01,961 [main] INFO Amazon - Using browser- chrome
2023-01-26 12:19:01,961 [main] INFO Amazon - Getting chrome webdriver
2023-01-26 12:19:11,435 [main] INFO Amazon - Launched an application Url: using https://www.amazon.in/
2023-01-26 12:19:15,783 [main] INFO Amazon - Click on SignIn
2023-01-26 12:19:15,825 [main] INFO Amazon - Sign In Page displayed
2023-01-26 12:19:15,928 [main] INFO Amazon - User enterd user name as  : 7093348874
2023-01-26 12:19:17,651 [main] INFO Amazon - User clicked on Continue button
2023-01-26 12:19:17,727 [main] INFO Amazon - User enterd Password as  : Jagan@007
2023-01-26 12:24:09,612 [main] INFO Amazon - Loading config Properties file
2023-01-26 12:24:09,617 [main] INFO Amazon - Using browser- chrome
2023-01-26 12:24:09,617 [main] INFO Amazon - Getting chrome webdriver
2023-01-26 12:24:21,328 [main] INFO Amazon - Launched an application Url: using https://www.amazon.in/
2023-01-26 12:24:27,539 [main] INFO Amazon - Click on SignIn
2023-01-26 12:24:27,584 [main] INFO Amazon - Sign In Page displayed
2023-01-26 12:24:27,681 [main] INFO Amazon - User enterd user name as  : 7093348874
2023-01-26 12:24:28,579 [main] INFO Amazon - User clicked on Continue button
2023-01-26 12:24:28,651 [main] INFO Amazon - User enterd Password as  : Jagan@007
2023-02-10 12:22:26,223 [main] INFO Amazon - Loading config Properties file
2023-02-10 12:22:26,350 [main] INFO Amazon - Using browser- chrome
2023-02-10 12:22:26,350 [main] INFO Amazon - Getting chrome webdriver
2023-02-10 12:22:39,792 [main] INFO Amazon - Launched an application Url: using https://www.amazon.in/
2023-02-10 12:22:43,377 [main] INFO Amazon - Click on SignIn
2023-02-10 12:22:43,850 [main] INFO Amazon - Sign In Page displayed
2023-02-10 12:22:44,003 [main] INFO Amazon - User enterd user name as  : 7093348874
2023-02-10 12:22:45,021 [main] INFO Amazon - User clicked on Continue button
2023-02-10 12:22:45,130 [main] INFO Amazon - User enterd Password as  : Jagan@007
2023-02-16 00:16:49,519 [main] INFO Amazon - Loading config Properties file
2023-02-16 00:16:49,558 [main] INFO Amazon - Using browser- chrome
2023-02-16 00:16:49,559 [main] INFO Amazon - Getting chrome webdriver
2023-02-16 00:21:42,215 [main] INFO Amazon - Loading config Properties file
2023-02-16 00:21:42,220 [main] INFO Amazon - Using browser- chrome
2023-02-16 00:21:42,220 [main] INFO Amazon - Getting chrome webdriver
2023-02-16 00:21:59,882 [main] INFO Amazon - Launched an application Url: using https://www.amazon.in/
2023-02-16 00:22:07,399 [main] INFO Amazon - Click on SignIn
2023-02-16 00:22:07,440 [main] INFO Amazon - Sign In Page displayed
2023-02-16 00:22:08,094 [main] INFO Amazon - User enterd user name as  : 7093348874
2023-02-16 00:22:12,954 [main] INFO Amazon - User clicked on Continue button
2023-02-16 00:22:13,301 [main] INFO Amazon - User enterd Password as  : Jagan@007
2023-02-21 11:56:51,545 [main] INFO Amazon - Loading config Properties file
2023-02-21 11:56:51,671 [main] INFO Amazon - Using browser- chrome
2023-02-21 11:56:51,672 [main] INFO Amazon - Getting chrome webdriver
2023-02-21 11:57:09,303 [main] INFO Amazon - Launched an application Url: using https://www.amazon.in/
2023-02-21 11:57:13,358 [main] INFO Amazon - Click on SignIn
2023-02-21 11:57:13,417 [main] INFO Amazon - Sign In Page displayed
2023-02-21 11:57:13,533 [main] INFO Amazon - User enterd user name as  : 70933
2023-02-21 11:57:15,596 [main] INFO Amazon - User clicked on Continue button
2023-02-21 11:57:15,690 [main] INFO Amazon - User enterd Password as  : Jagan@007
2023-02-21 11:57:27,918 [main] INFO Amazon - Loading config Properties file
2023-02-21 11:57:27,919 [main] INFO Amazon - Using browser- chrome
2023-02-21 11:57:27,920 [main] INFO Amazon - Getting chrome webdriver
2023-02-21 11:57:33,498 [main] INFO Amazon - Launched an application Url: using https://www.amazon.in/
2023-02-21 11:57:34,920 [main] INFO Amazon - Click on SignIn
2023-02-21 11:57:34,951 [main] INFO Amazon - Sign In Page displayed
2023-02-21 11:57:35,041 [main] INFO Amazon - User enterd user name as  : 70933
2023-02-21 11:57:36,642 [main] INFO Amazon - User clicked on Continue button
2023-02-21 11:57:36,732 [main] INFO Amazon - User enterd Password as  : Jagan@007
2023-02-21 11:57:39,404 [main] INFO Amazon - Loading config Properties file
2023-02-21 11:57:39,407 [main] INFO Amazon - Using browser- chrome
2023-02-21 11:57:39,407 [main] INFO Amazon - Getting chrome webdriver
2023-02-21 11:58:00,460 [main] INFO Amazon - Loading config Properties file
2023-02-21 11:58:00,468 [main] INFO Amazon - Using browser- chrome
2023-02-21 11:58:00,469 [main] INFO Amazon - Getting chrome webdriver
2023-02-21 11:58:10,299 [main] INFO Amazon - Launched an application Url: using https://www.amazon.in/
2023-02-21 11:58:12,277 [main] INFO Amazon - Click on SignIn
2023-02-21 11:58:12,339 [main] INFO Amazon - Sign In Page displayed
2023-02-21 11:58:12,479 [main] INFO Amazon - User enterd user name as  : 7093348874
2023-02-21 11:58:14,028 [main] INFO Amazon - User clicked on Continue button
2023-02-21 11:58:14,149 [main] INFO Amazon - User enterd Password as  : Jagan@007
2023-02-21 11:58:28,624 [main] INFO Amazon - Loading config Properties file
2023-02-21 11:58:28,625 [main] INFO Amazon - Using browser- chrome
2023-02-21 11:58:28,625 [main] INFO Amazon - Getting chrome webdriver
2023-02-21 11:58:33,048 [main] INFO Amazon - Launched an application Url: using https://www.amazon.in/
2023-02-21 11:58:34,729 [main] INFO Amazon - Click on SignIn
2023-02-21 11:58:34,782 [main] INFO Amazon - Sign In Page displayed
2023-02-21 11:58:34,906 [main] INFO Amazon - User enterd user name as  : 7093348874
2023-02-21 11:58:36,053 [main] INFO Amazon - User clicked on Continue button
2023-02-21 11:58:36,198 [main] INFO Amazon - User enterd Password as  : Jagan@007
2023-02-21 11:58:47,300 [main] INFO Amazon - Loading config Properties file
2023-02-21 11:58:47,301 [main] INFO Amazon - Using browser- chrome
2023-02-21 11:58:47,301 [main] INFO Amazon - Getting chrome webdriver
2023-02-21 11:58:50,793 [main] INFO Amazon - Launched an application Url: using https://www.amazon.in/
2023-02-21 11:58:52,236 [main] INFO Amazon - Click on SignIn
2023-02-21 11:58:52,271 [main] INFO Amazon - Sign In Page displayed
2023-02-21 11:58:52,373 [main] INFO Amazon - User enterd user name as  : 7093348874
2023-02-21 11:58:53,144 [main] INFO Amazon - User clicked on Continue button
2023-02-21 11:58:53,239 [main] INFO Amazon - User enterd Password as  : Jagan@007
2023-02-21 11:59:43,350 [main] INFO Amazon - Loading config Properties file
2023-02-21 11:59:43,361 [main] INFO Amazon - Using browser- chrome
2023-02-21 11:59:43,361 [main] INFO Amazon - Getting chrome webdriver
2023-02-21 11:59:52,156 [main] INFO Amazon - Launched an application Url: using https://www.amazon.in/
2023-02-21 11:59:53,873 [main] INFO Amazon - Click on SignIn
2023-02-21 11:59:53,910 [main] INFO Amazon - Sign In Page displayed
2023-02-21 11:59:54,051 [main] INFO Amazon - User enterd user name as  : 7093348874
2023-02-21 11:59:54,979 [main] INFO Amazon - User clicked on Continue button
2023-02-21 11:59:55,081 [main] INFO Amazon - User enterd Password as  : Jagan@007
2023-02-21 12:00:05,335 [main] INFO Amazon - Loading config Properties file
2023-02-21 12:00:05,336 [main] INFO Amazon - Using browser- chrome
2023-02-21 12:00:05,336 [main] INFO Amazon - Getting chrome webdriver
2023-02-21 12:00:09,788 [main] INFO Amazon - Launched an application Url: using https://www.amazon.in/
2023-02-21 12:00:11,509 [main] INFO Amazon - Click on SignIn
2023-02-21 12:00:11,539 [main] INFO Amazon - Sign In Page displayed
2023-02-21 12:00:11,638 [main] INFO Amazon - User enterd user name as  : 7093348874
2023-02-21 12:00:12,678 [main] INFO Amazon - User clicked on Continue button
2023-02-21 12:00:12,810 [main] INFO Amazon - User enterd Password as  : Jagan@007
2023-02-21 12:00:25,639 [main] INFO Amazon - Loading config Properties file
2023-02-21 12:00:25,640 [main] INFO Amazon - Using browser- chrome
2023-02-21 12:00:25,640 [main] INFO Amazon - Getting chrome webdriver
2023-02-22 10:53:30,520 [main] INFO Amazon - Loading config Properties file
2023-02-22 10:53:30,678 [main] INFO Amazon - Using browser- chrome
2023-02-22 10:53:30,679 [main] INFO Amazon - Getting chrome webdriver
2023-02-22 10:53:50,484 [main] INFO Amazon - Launched an application Url: using https://www.amazon.in/
2023-02-22 10:53:55,054 [main] INFO Amazon - Click on SignIn
2023-02-22 10:53:55,666 [main] INFO Amazon - Sign In Page displayed
2023-02-22 10:53:55,773 [main] INFO Amazon - User enterd user name as  : 7093348874
2023-02-22 10:53:56,835 [main] INFO Amazon - User clicked on Continue button
2023-02-22 10:53:57,012 [main] INFO Amazon - User enterd Password as  : Jagan@007
2023-02-22 10:54:09,260 [main] INFO Amazon - Loading config Properties file
2023-02-22 10:54:09,260 [main] INFO Amazon - Using browser- chrome
2023-02-22 10:54:09,261 [main] INFO Amazon - Getting chrome webdriver
2023-02-22 10:54:16,760 [main] INFO Amazon - Launched an application Url: using https://www.amazon.in/
2023-02-22 10:54:18,812 [main] INFO Amazon - Click on SignIn
2023-02-22 10:54:19,025 [main] INFO Amazon - Sign In Page displayed
2023-02-22 10:54:19,132 [main] INFO Amazon - User enterd user name as  : 7093348874
2023-02-22 10:54:20,475 [main] INFO Amazon - User clicked on Continue button
2023-02-22 10:54:20,613 [main] INFO Amazon - User enterd Password as  : Jagan@007
2023-02-22 10:54:32,531 [main] INFO Amazon - Loading config Properties file
2023-02-22 10:54:32,532 [main] INFO Amazon - Using browser- chrome
2023-02-22 10:54:32,532 [main] INFO Amazon - Getting chrome webdriver
2023-02-22 10:54:36,488 [main] INFO Amazon - Launched an application Url: using https://www.amazon.in/
2023-02-22 10:54:38,051 [main] INFO Amazon - Click on SignIn
2023-02-22 10:54:38,092 [main] INFO Amazon - Sign In Page displayed
2023-02-22 10:54:38,184 [main] INFO Amazon - User enterd user name as  : 7093348874
2023-02-22 10:54:39,237 [main] INFO Amazon - User clicked on Continue button
2023-02-22 10:54:39,319 [main] INFO Amazon - User enterd Password as  : Jagan@007
2023-02-22 10:55:46,778 [main] INFO Amazon - Loading config Properties file
2023-02-22 10:55:46,785 [main] INFO Amazon - Using browser- chrome
2023-02-22 10:55:46,785 [main] INFO Amazon - Getting chrome webdriver
2023-02-22 10:55:54,249 [main] INFO Amazon - Launched an application Url: using https://www.amazon.in/
2023-02-22 10:56:04,552 [main] INFO Amazon - Loading config Properties file
2023-02-22 10:56:04,553 [main] INFO Amazon - Using browser- chrome
2023-02-22 10:56:04,554 [main] INFO Amazon - Getting chrome webdriver
2023-02-22 10:56:10,630 [main] INFO Amazon - Launched an application Url: using https://www.amazon.in/
2023-02-22 10:56:12,727 [main] INFO Amazon - Click on SignIn
2023-02-22 10:56:12,816 [main] INFO Amazon - Sign In Page displayed
2023-02-22 10:56:13,327 [main] INFO Amazon - User enterd user name as  : 8686685340
2023-02-22 10:56:15,507 [main] INFO Amazon - User clicked on Continue button
2023-02-22 10:56:15,621 [main] INFO Amazon - User enterd Password as  : vali@1234
2023-02-22 10:56:25,962 [main] INFO Amazon - Loading config Properties file
2023-02-22 10:56:25,963 [main] INFO Amazon - Using browser- chrome
2023-02-22 10:56:25,963 [main] INFO Amazon - Getting chrome webdriver
2023-02-22 10:56:30,140 [main] INFO Amazon - Launched an application Url: using https://www.amazon.in/
2023-02-22 10:56:31,517 [main] INFO Amazon - Click on SignIn
2023-02-22 10:56:31,547 [main] INFO Amazon - Sign In Page displayed
2023-02-22 10:56:31,643 [main] INFO Amazon - User enterd user name as  : 8686685340
2023-02-22 10:56:32,559 [main] INFO Amazon - User clicked on Continue button
2023-02-22 10:56:32,635 [main] INFO Amazon - User enterd Password as  : vali@1234
2023-04-18 11:44:59,354 [main] INFO Amazon - Loading config Properties file
2023-04-18 11:44:59,540 [main] INFO Amazon - Using browser- chrome
2023-04-18 11:44:59,541 [main] INFO Amazon - Getting chrome webdriver
2023-04-18 11:45:06,084 [main] INFO Amazon - Loading config Properties file
2023-04-18 11:45:06,085 [main] INFO Amazon - Using browser- chrome
2023-04-18 11:45:06,086 [main] INFO Amazon - Getting chrome webdriver
2023-04-18 11:45:09,660 [main] INFO Amazon - Loading config Properties file
2023-04-18 11:45:09,660 [main] INFO Amazon - Using browser- chrome
2023-04-18 11:45:09,661 [main] INFO Amazon - Getting chrome webdriver
2023-04-18 12:42:46,632 [main] INFO Amazon - Loading config Properties file
2023-04-18 12:42:46,638 [main] INFO Amazon - Using browser- chrome
2023-04-18 12:42:46,638 [main] INFO Amazon - Getting chrome webdriver
2023-04-18 12:42:51,451 [main] INFO Amazon - Loading config Properties file
2023-04-18 12:42:51,453 [main] INFO Amazon - Using browser- chrome
2023-04-18 12:42:51,454 [main] INFO Amazon - Getting chrome webdriver
2023-04-18 12:42:54,130 [main] INFO Amazon - Loading config Properties file
2023-04-18 12:42:54,133 [main] INFO Amazon - Using browser- chrome
2023-04-18 12:42:54,133 [main] INFO Amazon - Getting chrome webdriver
2023-04-18 12:45:08,682 [main] INFO Amazon - Loading config Properties file
2023-04-18 12:45:08,687 [main] INFO Amazon - Using browser- chrome
2023-04-18 12:45:08,687 [main] INFO Amazon - Getting chrome webdriver
2023-04-18 12:45:12,088 [main] INFO Amazon - Loading config Properties file
2023-04-18 12:45:12,089 [main] INFO Amazon - Using browser- chrome
2023-04-18 12:45:12,089 [main] INFO Amazon - Getting chrome webdriver
2023-04-18 12:45:13,931 [main] INFO Amazon - Loading config Properties file
2023-04-18 12:45:13,932 [main] INFO Amazon - Using browser- chrome
2023-04-18 12:45:13,932 [main] INFO Amazon - Getting chrome webdriver
2023-04-21 09:31:31,800 [main] INFO Amazon - Loading config Properties file
2023-04-21 09:31:31,902 [main] INFO Amazon - Using browser- chrome
2023-04-21 09:31:31,902 [main] INFO Amazon - Getting chrome webdriver
2023-04-21 09:31:41,111 [main] INFO Amazon - Loading config Properties file
2023-04-21 09:31:41,111 [main] INFO Amazon - Using browser- chrome
2023-04-21 09:31:41,112 [main] INFO Amazon - Getting chrome webdriver
2023-04-21 09:31:43,897 [main] INFO Amazon - Loading config Properties file
2023-04-21 09:31:43,898 [main] INFO Amazon - Using browser- chrome
2023-04-21 09:31:43,899 [main] INFO Amazon - Getting chrome webdriver
2023-04-21 09:37:28,828 [main] INFO Amazon - Loading config Properties file
2023-04-21 09:37:28,878 [main] INFO Amazon - Using browser- chrome
2023-04-21 09:37:28,878 [main] INFO Amazon - Getting chrome webdriver
2023-04-21 09:37:28,966 [main] INFO Amazon - Loading config Properties file
2023-04-21 09:37:28,966 [main] INFO Amazon - Using browser- chrome
2023-04-21 09:37:28,966 [main] INFO Amazon - Getting chrome webdriver
2023-04-21 09:37:28,994 [main] INFO Amazon - Loading config Properties file
2023-04-21 09:37:28,995 [main] INFO Amazon - Using browser- chrome
2023-04-21 09:37:28,995 [main] INFO Amazon - Getting chrome webdriver
2023-04-21 09:38:34,758 [main] INFO Amazon - Loading config Properties file
2023-04-21 09:38:34,762 [main] INFO Amazon - Using browser- chrome
2023-04-21 09:38:34,762 [main] INFO Amazon - Getting chrome webdriver
2023-04-21 09:38:34,860 [main] INFO Amazon - Loading config Properties file
2023-04-21 09:38:34,861 [main] INFO Amazon - Using browser- chrome
2023-04-21 09:38:34,861 [main] INFO Amazon - Getting chrome webdriver
2023-04-21 09:38:34,910 [main] INFO Amazon - Loading config Properties file
2023-04-21 09:38:34,910 [main] INFO Amazon - Using browser- chrome
2023-04-21 09:38:34,910 [main] INFO Amazon - Getting chrome webdriver
2023-04-21 09:39:46,988 [main] INFO Amazon - Loading config Properties file
2023-04-21 09:39:46,993 [main] INFO Amazon - Using browser- chrome
2023-04-21 09:39:46,994 [main] INFO Amazon - Getting chrome webdriver
2023-04-21 09:39:51,727 [main] INFO Amazon - Loading config Properties file
2023-04-21 09:39:51,727 [main] INFO Amazon - Using browser- chrome
2023-04-21 09:39:51,728 [main] INFO Amazon - Getting chrome webdriver
2023-04-21 09:39:54,296 [main] INFO Amazon - Loading config Properties file
2023-04-21 09:39:54,296 [main] INFO Amazon - Using browser- chrome
2023-04-21 09:39:54,297 [main] INFO Amazon - Getting chrome webdriver
2023-04-21 09:45:48,669 [main] INFO Amazon - Loading config Properties file
2023-04-21 09:45:48,718 [main] INFO Amazon - Using browser- chrome
2023-04-21 09:45:48,718 [main] INFO Amazon - Getting chrome webdriver
2023-04-21 09:45:52,608 [main] INFO Amazon - Loading config Properties file
2023-04-21 09:45:52,609 [main] INFO Amazon - Using browser- chrome
2023-04-21 09:45:52,609 [main] INFO Amazon - Getting chrome webdriver
2023-04-21 09:45:54,260 [main] INFO Amazon - Loading config Properties file
2023-04-21 09:45:54,260 [main] INFO Amazon - Using browser- chrome
2023-04-21 09:45:54,261 [main] INFO Amazon - Getting chrome webdriver
2023-04-21 09:46:29,130 [main] INFO Amazon - Loading config Properties file
2023-04-21 09:46:29,135 [main] INFO Amazon - Using browser- chrome
2023-04-21 09:46:29,136 [main] INFO Amazon - Getting chrome webdriver
2023-04-21 09:46:33,489 [main] INFO Amazon - Loading config Properties file
2023-04-21 09:46:33,489 [main] INFO Amazon - Using browser- chrome
2023-04-21 09:46:33,490 [main] INFO Amazon - Getting chrome webdriver
2023-04-21 09:46:37,353 [main] INFO Amazon - Loading config Properties file
2023-04-21 09:46:37,353 [main] INFO Amazon - Using browser- chrome
2023-04-21 09:46:37,354 [main] INFO Amazon - Getting chrome webdriver
2023-04-21 09:49:50,364 [main] INFO Amazon - Loading config Properties file
2023-04-21 09:49:50,370 [main] INFO Amazon - Using browser- chrome
2023-04-21 09:49:50,371 [main] INFO Amazon - Getting chrome webdriver
2023-04-21 09:50:02,571 [main] INFO Amazon - Launched an application Url: using https://www.amazon.in/
2023-04-21 09:50:05,730 [main] INFO Amazon - Click on SignIn
2023-04-21 09:50:05,763 [main] INFO Amazon - Sign In Page displayed
2023-04-21 09:50:05,873 [main] INFO Amazon - User enterd user name as  : 9440357612
2023-04-21 09:50:56,417 [main] INFO Amazon - Loading config Properties file
2023-04-21 09:50:56,424 [main] INFO Amazon - Using browser- chrome
2023-04-21 09:50:56,424 [main] INFO Amazon - Getting chrome webdriver
2023-04-21 09:51:07,031 [main] INFO Amazon - Loading config Properties file
2023-04-21 09:51:07,031 [main] INFO Amazon - Using browser- chrome
2023-04-21 09:51:07,033 [main] INFO Amazon - Getting chrome webdriver
2023-04-21 09:51:08,332 [main] INFO Amazon - Launched an application Url: using https://www.amazon.in/
2023-04-21 09:51:11,923 [main] INFO Amazon - Click on SignIn
2023-04-21 09:51:11,953 [main] INFO Amazon - Sign In Page displayed
2023-04-21 09:51:12,064 [main] INFO Amazon - User enterd user name as  : 7093348874
2023-04-21 09:51:13,197 [main] INFO Amazon - User clicked on Continue button
2023-04-21 09:51:13,301 [main] INFO Amazon - User enterd Password as  : Jagan@007
2023-04-21 09:51:22,886 [main] INFO Amazon - Launched an application Url: using https://www.amazon.in/
2023-04-21 09:51:23,588 [main] INFO Amazon - Loading config Properties file
2023-04-21 09:51:23,589 [main] INFO Amazon - Using browser- chrome
2023-04-21 09:51:23,589 [main] INFO Amazon - Getting chrome webdriver
2023-04-21 09:51:28,845 [main] INFO Amazon - Click on SignIn
2023-04-21 09:51:28,879 [main] INFO Amazon - Sign In Page displayed
2023-04-21 09:51:28,966 [main] INFO Amazon - User enterd user name as  : 9440357612
2023-04-21 09:51:40,468 [main] INFO Amazon - Launched an application Url: using https://www.amazon.in/
2023-04-21 09:51:40,567 [main] INFO Amazon - Loading config Properties file
2023-04-21 09:51:40,567 [main] INFO Amazon - Using browser- chrome
2023-04-21 09:51:40,568 [main] INFO Amazon - Getting chrome webdriver
2023-04-21 09:52:34,735 [main] INFO Amazon - Loading config Properties file
2023-04-21 09:52:34,735 [main] INFO Amazon - Using browser- chrome
2023-04-21 09:52:34,737 [main] INFO Amazon - Getting chrome webdriver
2023-04-21 09:52:40,657 [main] INFO Amazon - Launched an application Url: using https://www.amazon.in/
2023-04-21 11:03:33,960 [main] INFO Amazon - Loading config Properties file
2023-04-21 11:03:35,048 [main] INFO Amazon - Using browser- chrome
2023-04-21 11:03:35,049 [main] INFO Amazon - Getting chrome webdriver
2023-04-21 11:03:55,328 [main] INFO Amazon - Launched an application Url: using https://www.amazon.in/
2023-04-21 11:07:59,184 [main] INFO Amazon - Loading config Properties file
2023-04-21 11:07:59,188 [main] INFO Amazon - Using browser- chrome
2023-04-21 11:07:59,189 [main] INFO Amazon - Getting chrome webdriver
2023-04-21 11:08:11,213 [main] INFO Amazon - Launched an application Url: using https://www.flipkart.com/
2023-04-21 11:13:00,514 [main] INFO Amazon - Loading config Properties file
2023-04-21 11:13:00,518 [main] INFO Amazon - Using browser- chrome
2023-04-21 11:13:00,519 [main] INFO Amazon - Getting chrome webdriver
2023-04-21 11:13:10,118 [main] INFO Amazon - Launched an application Url: using https://www.flipkart.com/
2023-04-21 11:39:06,437 [main] INFO Amazon - Loading config Properties file
2023-04-21 11:39:06,442 [main] INFO Amazon - Using browser- chrome
2023-04-21 11:39:06,443 [main] INFO Amazon - Getting chrome webdriver
2023-04-21 11:39:17,125 [main] INFO Amazon - Launched an application Url: using https://www.flipkart.com/
2023-04-21 11:42:42,182 [main] INFO Amazon - Loading config Properties file
2023-04-21 11:42:42,187 [main] INFO Amazon - Using browser- chrome
2023-04-21 11:42:42,187 [main] INFO Amazon - Getting chrome webdriver
2023-04-21 11:42:52,405 [main] INFO Amazon - Launched an application Url: using https://www.flipkart.com/
2023-04-21 11:45:14,005 [main] INFO Amazon - Loading config Properties file
2023-04-21 11:45:14,010 [main] INFO Amazon - Using browser- chrome
2023-04-21 11:45:14,010 [main] INFO Amazon - Getting chrome webdriver
2023-04-21 11:45:24,260 [main] INFO Amazon - Launched an application Url: using https://www.flipkart.com/
2023-04-21 11:55:04,421 [main] INFO Amazon - Loading config Properties file
2023-04-21 11:55:04,426 [main] INFO Amazon - Using browser- chrome
2023-04-21 11:55:04,426 [main] INFO Amazon - Getting chrome webdriver
2023-04-21 11:55:16,907 [main] INFO Amazon - Launched an application Url: using https://demoqa.com/
2023-04-21 12:08:42,305 [main] INFO Amazon - Loading config Properties file
2023-04-21 12:08:42,313 [main] INFO Amazon - Using browser- chrome
2023-04-21 12:08:42,314 [main] INFO Amazon - Getting chrome webdriver
2023-04-21 12:08:55,289 [main] INFO Amazon - Launched an application Url: using https://demoqa.com/
2023-04-21 12:17:18,761 [main] INFO Amazon - Loading config Properties file
2023-04-21 12:17:18,768 [main] INFO Amazon - Using browser- chrome
2023-04-21 12:17:18,769 [main] INFO Amazon - Getting chrome webdriver
2023-04-21 12:17:29,139 [main] INFO Amazon - Launched an application Url: using https://demoqa.com/
2023-04-21 14:12:20,540 [main] INFO Amazon - Loading config Properties file
2023-04-21 14:12:20,544 [main] INFO Amazon - Using browser- chrome
2023-04-21 14:12:20,544 [main] INFO Amazon - Getting chrome webdriver
2023-04-21 14:12:34,189 [main] INFO Amazon - Launched an application Url: using https://www.amazon.in/
2023-04-21 14:12:39,036 [main] INFO Amazon - Click on SignIn
2023-04-21 14:12:39,077 [main] INFO Amazon - Sign In Page displayed
2023-04-21 14:12:39,181 [main] INFO Amazon - User enterd user name as  : 4555
2023-04-21 14:12:56,857 [main] INFO Amazon - Loading config Properties file
2023-04-21 14:12:56,861 [main] INFO Amazon - Using browser- chrome
2023-04-21 14:12:56,862 [main] INFO Amazon - Getting chrome webdriver
2023-04-21 14:13:42,120 [main] INFO Amazon - Loading config Properties file
2023-04-21 14:13:42,122 [main] INFO Amazon - Using browser- chrome
2023-04-21 14:13:42,124 [main] INFO Amazon - Getting chrome webdriver
2023-04-21 14:13:55,232 [main] INFO Amazon - Launched an application Url: using https://www.amazon.in/
2023-04-21 14:14:01,482 [main] INFO Amazon - Click on SignIn
2023-04-21 14:14:01,531 [main] INFO Amazon - Sign In Page displayed
2023-04-21 14:14:01,613 [main] INFO Amazon - User enterd user name as  : 55555
2023-04-21 14:15:02,678 [main] INFO Amazon - Loading config Properties file
2023-04-21 14:15:02,678 [main] INFO Amazon - Using browser- chrome
2023-04-21 14:15:02,679 [main] INFO Amazon - Getting chrome webdriver
2023-04-21 14:15:11,958 [main] INFO Amazon - Launched an application Url: using https://www.amazon.in/
2023-04-21 14:15:14,842 [main] INFO Amazon - Click on SignIn
2023-04-21 14:15:14,873 [main] INFO Amazon - Sign In Page displayed
2023-04-21 14:15:14,987 [main] INFO Amazon - User enterd user name as  : 55555
2023-04-21 14:16:16,001 [main] INFO Amazon - Loading config Properties file
2023-04-21 14:16:16,002 [main] INFO Amazon - Using browser- chrome
2023-04-21 14:16:16,002 [main] INFO Amazon - Getting chrome webdriver
2023-04-21 14:16:25,231 [main] INFO Amazon - Launched an application Url: using https://www.amazon.in/
2023-04-21 14:16:26,889 [main] INFO Amazon - Click on SignIn
2023-04-21 14:16:26,945 [main] INFO Amazon - Sign In Page displayed
2023-04-21 14:16:27,073 [main] INFO Amazon - User enterd user name as  : 55555
2023-04-21 14:21:43,707 [main] INFO Amazon - Loading config Properties file
2023-04-21 14:21:43,712 [main] INFO Amazon - Using browser- chrome
2023-04-21 14:21:43,713 [main] INFO Amazon - Getting chrome webdriver
2023-04-21 14:25:31,513 [main] INFO Amazon - Loading config Properties file
2023-04-21 14:25:31,517 [main] INFO Amazon - Using browser- chrome
2023-04-21 14:25:31,518 [main] INFO Amazon - Getting chrome webdriver
2023-04-21 14:26:25,297 [main] INFO Amazon - Loading config Properties file
2023-04-21 14:26:25,304 [main] INFO Amazon - Using browser- chrome
2023-04-21 14:26:25,305 [main] INFO Amazon - Getting chrome webdriver
2023-04-21 14:27:05,023 [main] INFO Amazon - Loading config Properties file
2023-04-21 14:27:05,033 [main] INFO Amazon - Using browser- chrome
2023-04-21 14:27:05,040 [main] INFO Amazon - Getting chrome webdriver
2023-04-21 14:29:44,233 [main] INFO Amazon - Loading config Properties file
2023-04-21 14:29:44,239 [main] INFO Amazon - Using browser- chrome
2023-04-21 14:29:44,240 [main] INFO Amazon - Getting chrome webdriver
2023-04-21 14:30:40,820 [main] INFO Amazon - Loading config Properties file
2023-04-21 14:30:40,824 [main] INFO Amazon - Using browser- chrome
2023-04-21 14:30:40,825 [main] INFO Amazon - Getting chrome webdriver
2023-04-21 14:31:18,237 [main] INFO Amazon - Loading config Properties file
2023-04-21 14:31:18,243 [main] INFO Amazon - Using browser- chrome
2023-04-21 14:31:18,243 [main] INFO Amazon - Getting chrome webdriver
2023-04-21 14:37:20,862 [main] INFO Amazon - Loading config Properties file
2023-04-21 14:37:20,867 [main] INFO Amazon - Using browser- chrome
2023-04-21 14:37:20,867 [main] INFO Amazon - Getting chrome webdriver
2023-04-21 14:38:24,475 [main] INFO Amazon - Loading config Properties file
2023-04-21 14:38:24,481 [main] INFO Amazon - Using browser- chrome
2023-04-21 14:38:24,481 [main] INFO Amazon - Getting chrome webdriver
2023-04-21 14:38:56,599 [main] INFO Amazon - Loading config Properties file
2023-04-21 14:38:56,605 [main] INFO Amazon - Using browser- chrome
2023-04-21 14:38:56,606 [main] INFO Amazon - Getting chrome webdriver
2023-04-21 14:40:10,551 [main] INFO Amazon - Loading config Properties file
2023-04-21 14:40:10,556 [main] INFO Amazon - Using browser- chrome
2023-04-21 14:40:10,556 [main] INFO Amazon - Getting chrome webdriver
2023-04-21 16:22:19,388 [main] INFO Amazon - Loading config Properties file
2023-04-21 16:22:19,393 [main] INFO Amazon - Using browser- chrome
2023-04-21 16:22:19,393 [main] INFO Amazon - Getting chrome webdriver
2023-04-21 16:22:30,273 [main] INFO Amazon - Launched an application Url: using https://www.amazon.in/
2023-04-21 16:22:32,757 [main] INFO Amazon - Click on SignIn
2023-04-21 16:22:32,793 [main] INFO Amazon - Sign In Page displayed
2023-04-21 16:22:32,878 [main] INFO Amazon - User enterd user name as  : 4555
2023-04-21 16:22:56,943 [main] INFO Amazon - User clicked on Continue button
2023-04-21 16:22:57,009 [main] INFO Amazon - Loading config Properties file
2023-04-21 16:22:57,009 [main] INFO Amazon - Using browser- chrome
2023-04-21 16:22:57,009 [main] INFO Amazon - Getting chrome webdriver
2023-04-21 16:23:03,045 [main] INFO Amazon - Loading config Properties file
2023-04-21 16:23:03,049 [main] INFO Amazon - Using browser- chrome
2023-04-21 16:23:03,050 [main] INFO Amazon - Getting chrome webdriver
2023-04-21 16:23:07,755 [main] INFO Amazon - Launched an application Url: using https://www.amazon.in/
2023-04-21 16:23:08,991 [main] INFO Amazon - Click on SignIn
2023-04-21 16:23:09,017 [main] INFO Amazon - Sign In Page displayed
2023-04-21 16:23:09,101 [main] INFO Amazon - User enterd user name as  : 55555
2023-04-21 16:23:16,645 [main] INFO Amazon - User clicked on Continue button
2023-04-21 16:23:16,731 [main] INFO Amazon - User enterd Password as  : Jagan@007
2023-04-21 16:23:26,963 [main] INFO Amazon - Loading config Properties file
2023-04-21 16:23:26,964 [main] INFO Amazon - Using browser- chrome
2023-04-21 16:23:26,964 [main] INFO Amazon - Getting chrome webdriver
2023-04-21 16:23:31,879 [main] INFO Amazon - Launched an application Url: using https://www.amazon.in/
2023-04-21 16:23:33,135 [main] INFO Amazon - Click on SignIn
2023-04-21 16:23:33,161 [main] INFO Amazon - Sign In Page displayed
2023-04-21 16:23:33,244 [main] INFO Amazon - User enterd user name as  : 55555
2023-04-21 16:24:38,990 [main] INFO Amazon - Loading config Properties file
2023-04-21 16:24:38,994 [main] INFO Amazon - Using browser- chrome
2023-04-21 16:24:38,994 [main] INFO Amazon - Getting chrome webdriver
2023-04-21 16:24:51,830 [main] INFO Amazon - Launched an application Url: using https://www.amazon.in/
2023-04-21 16:24:53,618 [main] INFO Amazon - Click on SignIn
2023-04-21 16:24:53,660 [main] INFO Amazon - Sign In Page displayed
2023-04-21 16:24:53,741 [main] INFO Amazon - User enterd user name as  : 4555
2023-04-21 16:25:27,700 [main] INFO Amazon - Loading config Properties file
2023-04-21 16:25:27,704 [main] INFO Amazon - Using browser- chrome
2023-04-21 16:25:27,704 [main] INFO Amazon - Getting chrome webdriver
2023-04-21 16:25:40,587 [main] INFO Amazon - Launched an application Url: using https://www.amazon.in/
2023-04-21 16:25:42,245 [main] INFO Amazon - Click on SignIn
2023-04-21 16:25:42,286 [main] INFO Amazon - Sign In Page displayed
2023-04-21 16:25:42,378 [main] INFO Amazon - User enterd user name as  : 7093348874
2023-04-21 16:25:43,961 [main] INFO Amazon - User clicked on Continue button
2023-04-21 16:25:44,025 [main] INFO Amazon - Loading config Properties file
2023-04-21 16:25:44,025 [main] INFO Amazon - Using browser- chrome
2023-04-21 16:25:44,025 [main] INFO Amazon - Getting chrome webdriver
2023-04-21 16:25:47,129 [main] INFO Amazon - Launched an application Url: using https://www.amazon.in/
2023-04-21 16:25:50,774 [main] INFO Amazon - Click on SignIn
2023-04-21 16:25:50,812 [main] INFO Amazon - Sign In Page displayed
2023-04-21 16:25:50,938 [main] INFO Amazon - User enterd user name as  : 7093348874
2023-04-21 16:25:52,168 [main] INFO Amazon - User clicked on Continue button
2023-04-21 16:25:52,330 [main] INFO Amazon - User enterd Password as  : Jagan@007
2023-04-21 16:25:55,964 [main] INFO Amazon - Loading config Properties file
2023-04-21 16:25:55,964 [main] INFO Amazon - Using browser- chrome
2023-04-21 16:25:55,965 [main] INFO Amazon - Getting chrome webdriver
2023-04-21 16:25:56,036 [main] INFO Amazon - Loading config Properties file
2023-04-21 16:25:56,037 [main] INFO Amazon - Using browser- chrome
2023-04-21 16:25:56,037 [main] INFO Amazon - Getting chrome webdriver
2023-04-21 16:25:56,098 [main] INFO Amazon - Loading config Properties file
2023-04-21 16:25:56,102 [main] INFO Amazon - Using browser- chrome
2023-04-21 16:25:56,103 [main] INFO Amazon - Getting chrome webdriver
2023-04-21 16:26:09,742 [main] INFO Amazon - Loading config Properties file
2023-04-21 16:26:09,743 [main] INFO Amazon - Using browser- chrome
2023-04-21 16:26:09,743 [main] INFO Amazon - Getting chrome webdriver
2023-04-21 16:26:13,258 [main] INFO Amazon - Launched an application Url: using https://www.amazon.in/
2023-04-21 16:26:14,706 [main] INFO Amazon - Click on SignIn
2023-04-21 16:26:14,730 [main] INFO Amazon - Sign In Page displayed
2023-04-21 16:26:14,813 [main] INFO Amazon - User enterd user name as  : 7093348874
2023-04-21 16:26:15,606 [main] INFO Amazon - User clicked on Continue button
2023-04-21 16:26:15,674 [main] INFO Amazon - User enterd Password as  : Jagan@007
2023-04-21 16:26:27,246 [main] INFO Amazon - Loading config Properties file
2023-04-21 16:26:27,246 [main] INFO Amazon - Using browser- chrome
2023-04-21 16:26:27,247 [main] INFO Amazon - Getting chrome webdriver
2023-04-21 16:26:31,987 [main] INFO Amazon - Launched an application Url: using https://www.amazon.in/
2023-04-21 16:26:33,320 [main] INFO Amazon - Click on SignIn
2023-04-21 16:26:33,344 [main] INFO Amazon - Sign In Page displayed
2023-04-21 16:26:33,428 [main] INFO Amazon - User enterd user name as  : 7093348874
2023-04-21 16:26:34,465 [main] INFO Amazon - User clicked on Continue button
2023-04-21 16:26:34,531 [main] INFO Amazon - User enterd Password as  : Jagan@007
2023-04-21 16:27:08,384 [main] INFO Amazon - Loading config Properties file
2023-04-21 16:27:08,388 [main] INFO Amazon - Using browser- chrome
2023-04-21 16:27:08,389 [main] INFO Amazon - Getting chrome webdriver
2023-04-21 16:27:20,014 [main] INFO Amazon - Launched an application Url: using https://www.amazon.in/
2023-04-21 16:27:23,253 [main] INFO Amazon - Click on SignIn
2023-04-21 16:27:23,293 [main] INFO Amazon - Sign In Page displayed
2023-04-21 16:27:23,392 [main] INFO Amazon - User enterd user name as  : 7093348874
2023-04-21 16:27:24,416 [main] INFO Amazon - User clicked on Continue button
2023-04-21 16:27:24,489 [main] INFO Amazon - Loading config Properties file
2023-04-21 16:27:24,490 [main] INFO Amazon - Using browser- chrome
2023-04-21 16:27:24,490 [main] INFO Amazon - Getting chrome webdriver
2023-04-21 16:27:28,962 [main] INFO Amazon - Launched an application Url: using https://www.amazon.in/
2023-04-21 16:27:30,178 [main] INFO Amazon - Click on SignIn
2023-04-21 16:27:30,216 [main] INFO Amazon - Sign In Page displayed
2023-04-21 16:27:30,331 [main] INFO Amazon - User enterd user name as  : 7093348874
2023-04-21 16:27:30,998 [main] INFO Amazon - User clicked on Continue button
2023-04-21 16:27:31,087 [main] INFO Amazon - User enterd Password as  : Jagan@007
2023-04-21 16:27:49,946 [main] INFO Amazon - Loading config Properties file
2023-04-21 16:27:49,947 [main] INFO Amazon - Using browser- chrome
2023-04-21 16:27:49,947 [main] INFO Amazon - Getting chrome webdriver
2023-04-21 16:27:55,999 [main] INFO Amazon - Launched an application Url: using https://www.amazon.in/
2023-04-21 16:27:57,154 [main] INFO Amazon - Click on SignIn
2023-04-21 16:27:57,194 [main] INFO Amazon - Sign In Page displayed
2023-04-21 16:27:57,303 [main] INFO Amazon - User enterd user name as  : 7093348874
2023-04-21 16:27:58,039 [main] INFO Amazon - User clicked on Continue button
2023-04-21 16:27:58,117 [main] INFO Amazon - User enterd Password as  : Jagan@007
2023-04-21 16:28:08,859 [main] INFO Amazon - Loading config Properties file
2023-04-21 16:28:08,860 [main] INFO Amazon - Using browser- chrome
2023-04-21 16:28:08,860 [main] INFO Amazon - Getting chrome webdriver
2023-04-21 16:28:15,411 [main] INFO Amazon - Launched an application Url: using https://www.amazon.in/
2023-04-21 16:28:18,151 [main] INFO Amazon - Click on SignIn
2023-04-21 16:28:18,177 [main] INFO Amazon - Sign In Page displayed
2023-04-21 16:28:18,259 [main] INFO Amazon - User enterd user name as  : 7093348874
2023-04-21 16:28:18,961 [main] INFO Amazon - User clicked on Continue button
2023-04-21 16:28:19,024 [main] INFO Amazon - User enterd Password as  : Jagan@007
2023-04-21 16:29:25,322 [main] INFO Amazon - Loading config Properties file
2023-04-21 16:29:25,327 [main] INFO Amazon - Using browser- chrome
2023-04-21 16:29:25,328 [main] INFO Amazon - Getting chrome webdriver
2023-04-21 16:29:37,852 [main] INFO Amazon - Launched an application Url: using https://www.amazon.in/
2023-04-21 16:29:39,927 [main] INFO Amazon - Click on SignIn
2023-04-21 16:29:39,974 [main] INFO Amazon - Sign In Page displayed
2023-04-21 16:29:40,075 [main] INFO Amazon - User enterd user name as  : 7093348874
2023-04-21 16:29:41,063 [main] INFO Amazon - User clicked on Continue button
2023-04-21 16:42:15,780 [main] INFO Amazon - Loading config Properties file
2023-04-21 16:42:15,784 [main] INFO Amazon - Using browser- chrome
2023-04-21 16:42:15,784 [main] INFO Amazon - Getting chrome webdriver
2023-04-21 16:42:25,873 [main] INFO Amazon - Launched an application Url: using https://www.amazon.in/
2023-04-21 16:42:27,764 [main] INFO Amazon - Click on SignIn
2023-04-21 16:42:27,804 [main] INFO Amazon - Sign In Page displayed
2023-04-21 16:42:27,908 [main] INFO Amazon - User enterd user name as  : 7093348874
2023-04-21 16:42:28,959 [main] INFO Amazon - User clicked on Continue button
2023-04-21 16:42:29,024 [main] INFO Amazon - User enterd Password as  : Jagan@007
2023-04-21 16:48:52,059 [main] INFO Amazon - Loading config Properties file
2023-04-21 16:48:52,063 [main] INFO Amazon - Using browser- chrome
2023-04-21 16:48:52,064 [main] INFO Amazon - Getting chrome webdriver
2023-04-21 16:49:06,753 [main] INFO Amazon - Launched an application Url: using https://www.amazon.in/
2023-04-21 16:49:12,220 [main] INFO Amazon - Click on SignIn
2023-04-21 16:49:12,256 [main] INFO Amazon - Sign In Page displayed
2023-04-21 16:49:12,359 [main] INFO Amazon - User enterd user name as  : 7093348874
2023-04-21 16:49:15,449 [main] INFO Amazon - User clicked on Continue button
2023-04-21 16:49:15,529 [main] INFO Amazon - User enterd Password as  : Jagan@007
2023-06-22 16:14:20,370 [main] INFO Amazon - Loading config Properties file
2023-06-22 16:14:20,447 [main] INFO Amazon - Using browser- chrome
2023-06-22 16:14:20,450 [main] INFO Amazon - Getting chrome webdriver
