2022-11-06 13:54:17,066 - OrangeHRMAutomation -INFO - Loading config Properties file
2022-11-06 13:54:17,070 - OrangeHRMAutomation -INFO - Using browser- chrome
2022-11-06 13:54:17,071 - OrangeHRMAutomation -INFO - Getting chrome webdriver
2022-11-06 13:54:23,740 - OrangeHRMAutomation -INFO - User lanuchs chrome browser
2022-11-06 13:54:23,755 - OrangeHRMAutomation -INFO - Getting application URL- https://opensource-demo.orangehrmlive.com/
2022-11-06 13:54:39,972 - OrangeHRMAutomation -INFO - Logging in application using Admin as an username and admin123 as a password
2022-11-06 13:54:40,202 - OrangeHRMAutomation -INFO - Clicked on Login Button
2022-11-06 13:54:48,051 - OrangeHRMAutomation -INFO - Successfully validated the Page Tile: OrangeHRM
2022-11-06 13:56:33,501 - OrangeHRMAutomation -INFO - Loading config Properties file
2022-11-06 13:56:33,505 - OrangeHRMAutomation -INFO - Using browser- chrome
2022-11-06 13:56:33,505 - OrangeHRMAutomation -INFO - Getting chrome webdriver
2022-11-06 13:56:38,409 - OrangeHRMAutomation -INFO - User lanuchs chrome browser
2022-11-06 13:56:38,416 - OrangeHRMAutomation -INFO - Getting application URL- https://opensource-demo.orangehrmlive.com/
2022-11-06 13:56:48,251 - OrangeHRMAutomation -INFO - Logging in application using Admin as an username and admin123 as a password
2022-11-06 13:56:48,340 - OrangeHRMAutomation -INFO - Clicked on Login Button
2022-11-06 13:56:49,898 - OrangeHRMAutomation -INFO - Successfully validated the Page Tile: OrangeHRM
2022-11-06 14:08:01,709 - OrangeHRMAutomation -INFO - Loading config Properties file
2022-11-06 14:08:01,713 - OrangeHRMAutomation -INFO - Using browser- chrome
2022-11-06 14:08:01,714 - OrangeHRMAutomation -INFO - Getting chrome webdriver
2022-11-06 14:08:07,082 - OrangeHRMAutomation -INFO - User lanuchs chrome browser
2022-11-06 14:08:07,089 - OrangeHRMAutomation -INFO - Getting application URL- https://opensource-demo.orangehrmlive.com/
2022-11-06 14:08:12,986 - OrangeHRMAutomation -INFO - Logging in application using Admin as an username and admin123 as a password
2022-11-06 14:08:13,115 - OrangeHRMAutomation -INFO - Clicked on Login Button
2022-11-06 14:08:15,578 - OrangeHRMAutomation -INFO - Successfully validated the Page Tile: OrangeHRM
2022-11-06 14:08:16,522 - OrangeHRMAutomation -INFO - User clicked on My Profile icon
2022-11-06 14:08:18,119 - OrangeHRMAutomation -INFO - logging out of an Application
2022-11-06 14:08:19,377 - OrangeHRMAutomation -INFO - Closing browser
2022-11-06 15:44:04,680 - OrangeHRMAutomation -INFO - Loading config Properties file
2022-11-06 15:44:04,685 - OrangeHRMAutomation -INFO - Using browser- chrome
2022-11-06 15:44:04,685 - OrangeHRMAutomation -INFO - Getting chrome webdriver
2022-11-06 15:44:09,719 - OrangeHRMAutomation -INFO - User lanuchs chrome browser
2022-11-06 15:44:09,732 - OrangeHRMAutomation -INFO - Getting application URL- https://opensource-demo.orangehrmlive.com/
2022-11-06 15:44:16,400 - OrangeHRMAutomation -INFO - Logging in application using Admin as an username and admin123 as a password
2022-11-06 15:44:16,550 - OrangeHRMAutomation -INFO - Clicked on Login Button
2022-11-06 15:44:17,718 - OrangeHRMAutomation -INFO - Successfully validated the Page Tile: OrangeHRM
2022-11-06 15:44:18,162 - OrangeHRMAutomation -INFO - User clicked on My Profile icon
2022-11-06 15:44:19,742 - OrangeHRMAutomation -INFO - logging out of an Application
2022-11-06 15:44:36,023 - OrangeHRMAutomation -INFO - Closing browser
2022-11-06 16:16:16,047 - OrangeHRMAutomation -INFO - Loading config Properties file
2022-11-06 16:16:16,051 - OrangeHRMAutomation -INFO - Using browser- chrome
2022-11-06 16:16:16,052 - OrangeHRMAutomation -INFO - Getting chrome webdriver
2022-11-06 16:16:20,814 - OrangeHRMAutomation -INFO - Loading config Properties file
2022-11-06 16:16:20,815 - OrangeHRMAutomation -INFO - Using browser- chrome
2022-11-06 16:16:20,815 - OrangeHRMAutomation -INFO - Getting chrome webdriver
2022-11-06 16:20:16,328 - OrangeHRMAutomation -INFO - Loading config Properties file
2022-11-06 16:20:16,333 - OrangeHRMAutomation -INFO - Using browser- chrome
2022-11-06 16:20:16,333 - OrangeHRMAutomation -INFO - Getting chrome webdriver
2022-11-06 16:25:10,651 - OrangeHRMAutomation -INFO - Loading config Properties file
2022-11-06 16:25:10,657 - OrangeHRMAutomation -INFO - Using browser- chrome
2022-11-06 16:25:10,658 - OrangeHRMAutomation -INFO - Getting chrome webdriver
2022-11-06 16:33:24,442 - OrangeHRMAutomation -INFO - Loading config Properties file
2022-11-06 16:33:24,446 - OrangeHRMAutomation -INFO - Using browser- chrome
2022-11-06 16:33:24,446 - OrangeHRMAutomation -INFO - Getting chrome webdriver
2022-11-06 16:33:36,217 - OrangeHRMAutomation -INFO - Launchied an application Url: using https://www.amazon.in/
2022-11-06 16:36:43,172 - OrangeHRMAutomation -INFO - Loading config Properties file
2022-11-06 16:36:43,177 - OrangeHRMAutomation -INFO - Using browser- chrome
2022-11-06 16:36:43,177 - OrangeHRMAutomation -INFO - Getting chrome webdriver
2022-11-06 16:36:57,223 - OrangeHRMAutomation -INFO - Launchied an application Url: using https://www.amazon.in/
2022-11-06 16:37:01,543 - OrangeHRMAutomation -INFO - Click on SignIn
2022-11-06 16:37:01,593 - OrangeHRMAutomation -INFO - Sign In Page displayed
2022-11-06 16:37:01,696 - OrangeHRMAutomation -INFO - User enterd user name as  : 7093348874
2022-11-06 16:37:02,652 - OrangeHRMAutomation -INFO - User clicked on Continue button
2022-11-06 16:37:02,723 - OrangeHRMAutomation -INFO - User enterd Password as  : Jagan@007
2022-11-06 16:39:31,390 - OrangeHRMAutomation -INFO - Loading config Properties file
2022-11-06 16:39:31,440 - OrangeHRMAutomation -INFO - Using browser- chrome
2022-11-06 16:39:31,440 - OrangeHRMAutomation -INFO - Getting chrome webdriver
2022-11-06 16:39:39,833 - OrangeHRMAutomation -INFO - Launchied an application Url: using https://www.amazon.in/
2022-11-06 16:39:42,448 - OrangeHRMAutomation -INFO - Click on SignIn
2022-11-06 16:39:42,485 - OrangeHRMAutomation -INFO - Sign In Page displayed
2022-11-06 16:39:42,575 - OrangeHRMAutomation -INFO - User enterd user name as  : 7093348874
2022-11-06 16:39:43,765 - OrangeHRMAutomation -INFO - User clicked on Continue button
2022-11-06 16:39:43,835 - OrangeHRMAutomation -INFO - User enterd Password as  : Jagan@007
2022-11-06 16:47:17,917 - OrangeHRMAutomation -INFO - Loading config Properties file
2022-11-06 16:47:17,924 - OrangeHRMAutomation -INFO - Using browser- chrome
2022-11-06 16:47:17,924 - OrangeHRMAutomation -INFO - Getting chrome webdriver
2022-11-06 16:47:27,660 - OrangeHRMAutomation -INFO - Launchied an application Url: using https://www.amazon.in/
2022-11-06 16:47:29,272 - OrangeHRMAutomation -INFO - Click on SignIn
2022-11-06 16:47:29,375 - OrangeHRMAutomation -INFO - Sign In Page displayed
2022-11-06 16:47:29,481 - OrangeHRMAutomation -INFO - User enterd user name as  : 7093348874
2022-11-06 16:47:31,847 - OrangeHRMAutomation -INFO - User clicked on Continue button
2022-11-06 16:47:31,921 - OrangeHRMAutomation -INFO - User enterd Password as  : Jagan@007
2022-11-06 17:04:59,154 - OrangeHRMAutomation -INFO - Loading config Properties file
2022-11-06 17:04:59,160 - OrangeHRMAutomation -INFO - Using browser- chrome
2022-11-06 17:04:59,160 - OrangeHRMAutomation -INFO - Getting chrome webdriver
2022-11-06 17:05:10,374 - OrangeHRMAutomation -INFO - Launchied an application Url: using https://www.amazon.in/
2022-11-06 17:05:14,279 - OrangeHRMAutomation -INFO - Click on SignIn
2022-11-06 17:05:14,381 - OrangeHRMAutomation -INFO - Sign In Page displayed
2022-11-06 17:05:14,833 - OrangeHRMAutomation -INFO - User enterd user name as  : 7093348874
2022-11-06 17:05:15,815 - OrangeHRMAutomation -INFO - User clicked on Continue button
2022-11-06 17:05:15,925 - OrangeHRMAutomation -INFO - User enterd Password as  : Jagan@007
2022-11-06 17:09:36,831 - OrangeHRMAutomation -INFO - Loading config Properties file
2022-11-06 17:09:36,836 - OrangeHRMAutomation -INFO - Using browser- chrome
2022-11-06 17:09:36,836 - OrangeHRMAutomation -INFO - Getting chrome webdriver
2022-11-06 17:09:52,859 - OrangeHRMAutomation -INFO - Launchied an application Url: using https://www.amazon.in/
2022-11-06 17:09:57,796 - OrangeHRMAutomation -INFO - Click on SignIn
2022-11-06 17:09:57,938 - OrangeHRMAutomation -INFO - Sign In Page displayed
2022-11-06 17:09:58,406 - OrangeHRMAutomation -INFO - User enterd user name as  : 7093348874
2022-11-06 17:09:59,346 - OrangeHRMAutomation -INFO - User clicked on Continue button
2022-11-06 17:09:59,427 - OrangeHRMAutomation -INFO - User enterd Password as  : Jagan@007
2022-11-06 17:20:08,528 - OrangeHRMAutomation -INFO - Loading config Properties file
2022-11-06 17:20:08,533 - OrangeHRMAutomation -INFO - Using browser- chrome
2022-11-06 17:20:08,534 - OrangeHRMAutomation -INFO - Getting chrome webdriver
2022-11-06 17:20:16,479 - OrangeHRMAutomation -INFO - Launchied an application Url: using https://www.amazon.in/
2022-11-06 17:20:19,871 - OrangeHRMAutomation -INFO - Click on SignIn
2022-11-06 17:20:20,069 - OrangeHRMAutomation -INFO - Sign In Page displayed
2022-11-06 17:20:20,487 - OrangeHRMAutomation -INFO - User enterd user name as  : 7093348874
2022-11-06 17:20:23,125 - OrangeHRMAutomation -INFO - User clicked on Continue button
2022-11-06 17:20:23,212 - OrangeHRMAutomation -INFO - User enterd Password as  : Jagan@007
2022-11-06 21:34:01,726 - OrangeHRMAutomation -INFO - Loading config Properties file
2022-11-06 21:34:01,791 - OrangeHRMAutomation -INFO - Using browser- chrome
2022-11-06 21:34:01,791 - OrangeHRMAutomation -INFO - Getting chrome webdriver
2022-11-06 21:34:15,260 - OrangeHRMAutomation -INFO - Launched an application Url: using https://www.amazon.in/
2022-11-06 21:34:18,577 - OrangeHRMAutomation -INFO - Click on SignIn
2022-11-06 21:34:18,743 - OrangeHRMAutomation -INFO - Sign In Page displayed
2022-11-06 21:34:18,872 - OrangeHRMAutomation -INFO - User enterd user name as  : 7093348874
2022-11-06 21:34:20,613 - OrangeHRMAutomation -INFO - User clicked on Continue button
2022-11-06 21:34:20,698 - OrangeHRMAutomation -INFO - User enterd Password as  : Jagan@007
2022-11-07 12:07:58,597 - OrangeHRMAutomation -INFO - Loading config Properties file
2022-11-07 12:07:58,623 - OrangeHRMAutomation -INFO - Using browser- chrome
2022-11-07 12:07:58,623 - OrangeHRMAutomation -INFO - Getting chrome webdriver
2022-11-07 12:08:05,887 - OrangeHRMAutomation -INFO - User lanuchs chrome browser
2022-11-07 12:08:05,893 - OrangeHRMAutomation -INFO - Getting application URL- https://opensource-demo.orangehrmlive.com/
2022-11-07 12:08:11,754 - OrangeHRMAutomation -INFO - Logging in application using Admin as an username and admin123 as a password
2022-11-07 12:08:11,911 - OrangeHRMAutomation -INFO - Clicked on Login Button
2022-11-07 12:08:13,793 - OrangeHRMAutomation -INFO - Successfully validated the Page Tile: OrangeHRM
2022-11-07 12:08:14,610 - OrangeHRMAutomation -INFO - User clicked on My Profile icon
2022-11-07 12:08:16,349 - OrangeHRMAutomation -INFO - logging out of an Application
2022-11-07 12:08:16,628 - OrangeHRMAutomation -INFO - Closing browser
2022-11-07 12:14:36,709 - OrangeHRMAutomation -INFO - Loading config Properties file
2022-11-07 12:14:36,714 - OrangeHRMAutomation -INFO - Using browser- chrome
2022-11-07 12:14:36,714 - OrangeHRMAutomation -INFO - Getting chrome webdriver
2022-11-07 12:14:49,085 - OrangeHRMAutomation -INFO - Launched an application Url: using https://www.amazon.in/
2022-11-07 12:14:51,253 - OrangeHRMAutomation -INFO - Click on SignIn
2022-11-07 12:14:51,359 - OrangeHRMAutomation -INFO - Sign In Page displayed
2022-11-07 12:14:51,465 - OrangeHRMAutomation -INFO - User enterd user name as  : 7093348874
2022-11-07 12:14:52,402 - OrangeHRMAutomation -INFO - User clicked on Continue button
2022-11-07 12:14:52,500 - OrangeHRMAutomation -INFO - User enterd Password as  : Jagan@007
2022-11-07 12:21:31,388 - OrangeHRMAutomation -INFO - Loading config Properties file
2022-11-07 12:21:31,395 - OrangeHRMAutomation -INFO - Using browser- chrome
2022-11-07 12:21:31,395 - OrangeHRMAutomation -INFO - Getting chrome webdriver
2022-11-07 12:21:31,494 - OrangeHRMAutomation -INFO - Loading config Properties file
2022-11-07 12:21:31,502 - OrangeHRMAutomation -INFO - Using browser- chrome
2022-11-07 12:21:31,503 - OrangeHRMAutomation -INFO - Getting chrome webdriver
2022-11-07 12:21:46,686 - OrangeHRMAutomation -INFO - Launched an application Url: using https://www.amazon.in/
2022-11-07 12:21:47,243 - OrangeHRMAutomation -INFO - Launched an application Url: using https://www.amazon.in/
2022-11-07 12:21:50,048 - OrangeHRMAutomation -INFO - Click on SignIn
2022-11-07 12:21:50,163 - OrangeHRMAutomation -INFO - Sign In Page displayed
2022-11-07 12:21:50,289 - OrangeHRMAutomation -INFO - User enterd user name as  : 7093348874
2022-11-07 12:21:52,597 - OrangeHRMAutomation -INFO - User clicked on Continue button
2022-11-07 12:21:52,752 - OrangeHRMAutomation -INFO - User enterd Password as  : Jagan@007
2022-11-07 12:21:52,793 - OrangeHRMAutomation -INFO - Click on SignIn
2022-11-07 12:21:52,971 - OrangeHRMAutomation -INFO - Sign In Page displayed
2022-11-07 12:21:53,148 - OrangeHRMAutomation -INFO - User enterd user name as  : 7093348874
2022-11-07 12:21:54,381 - OrangeHRMAutomation -INFO - User clicked on Continue button
2022-11-07 12:21:54,527 - OrangeHRMAutomation -INFO - User enterd Password as  : Jagan@007
2022-11-07 13:12:54,657 - OrangeHRMAutomation -INFO - Loading config Properties file
2022-11-07 13:12:54,661 - OrangeHRMAutomation -INFO - Using browser- chrome
2022-11-07 13:12:54,662 - OrangeHRMAutomation -INFO - Getting chrome webdriver
2022-11-07 13:13:08,939 - OrangeHRMAutomation -INFO - Launched an application Url: using https://www.amazon.in/
2022-11-07 13:13:12,236 - OrangeHRMAutomation -INFO - Click on SignIn
2022-11-07 13:13:12,359 - OrangeHRMAutomation -INFO - Sign In Page displayed
2022-11-07 13:13:12,844 - OrangeHRMAutomation -INFO - User enterd user name as  : 7093348874
2022-11-07 13:13:13,827 - OrangeHRMAutomation -INFO - User clicked on Continue button
2022-11-07 13:13:13,913 - OrangeHRMAutomation -INFO - User enterd Password as  : Jagan@007
2022-11-07 13:13:30,778 - OrangeHRMAutomation -INFO - Loading config Properties file
2022-11-07 13:13:30,778 - OrangeHRMAutomation -INFO - Using browser- chrome
2022-11-07 13:13:30,779 - OrangeHRMAutomation -INFO - Getting chrome webdriver
2022-11-07 13:13:43,548 - OrangeHRMAutomation -INFO - Launched an application Url: using https://www.amazon.in/
2022-11-07 13:13:45,359 - OrangeHRMAutomation -INFO - Click on SignIn
2022-11-07 13:13:45,394 - OrangeHRMAutomation -INFO - Sign In Page displayed
2022-11-07 13:13:45,544 - OrangeHRMAutomation -INFO - User enterd user name as  : 7093348874
2022-11-07 13:13:46,707 - OrangeHRMAutomation -INFO - User clicked on Continue button
2022-11-07 13:13:46,804 - OrangeHRMAutomation -INFO - User enterd Password as  : Jagan@007
2022-11-07 13:14:01,621 - OrangeHRMAutomation -INFO - Loading config Properties file
2022-11-07 13:14:01,621 - OrangeHRMAutomation -INFO - Using browser- chrome
2022-11-07 13:14:01,622 - OrangeHRMAutomation -INFO - Getting chrome webdriver
2022-11-08 11:26:59,721 - OrangeHRMAutomation -INFO - Loading config Properties file
2022-11-08 11:26:59,726 - OrangeHRMAutomation -INFO - Using browser- chrome
2022-11-08 11:26:59,727 - OrangeHRMAutomation -INFO - Getting chrome webdriver
2022-11-08 11:27:11,355 - OrangeHRMAutomation -INFO - Launched an application Url: using https://www.amazon.in/
2022-11-08 11:27:13,555 - OrangeHRMAutomation -INFO - Click on SignIn
2022-11-08 11:27:13,647 - OrangeHRMAutomation -INFO - Sign In Page displayed
2022-11-08 11:27:13,745 - OrangeHRMAutomation -INFO - User enterd user name as  : 7093348874
2022-11-08 11:27:15,042 - OrangeHRMAutomation -INFO - User clicked on Continue button
2022-11-08 11:27:15,126 - OrangeHRMAutomation -INFO - User enterd Password as  : Jagan@007
2022-11-08 11:27:28,310 - OrangeHRMAutomation -INFO - Loading config Properties file
2022-11-08 11:27:28,310 - OrangeHRMAutomation -INFO - Using browser- chrome
2022-11-08 11:27:28,311 - OrangeHRMAutomation -INFO - Getting chrome webdriver
2022-11-08 11:27:44,297 - OrangeHRMAutomation -INFO - Launched an application Url: using https://www.amazon.in/
2022-11-08 11:27:45,866 - OrangeHRMAutomation -INFO - Click on SignIn
2022-11-08 11:27:45,895 - OrangeHRMAutomation -INFO - Sign In Page displayed
2022-11-08 11:27:46,000 - OrangeHRMAutomation -INFO - User enterd user name as  : 7093348874
2022-11-08 11:27:47,285 - OrangeHRMAutomation -INFO - User clicked on Continue button
2022-11-08 11:27:47,364 - OrangeHRMAutomation -INFO - User enterd Password as  : Jagan@007
2022-11-08 11:28:03,100 - OrangeHRMAutomation -INFO - Loading config Properties file
2022-11-08 11:28:03,101 - OrangeHRMAutomation -INFO - Using browser- chrome
2022-11-08 11:28:03,102 - OrangeHRMAutomation -INFO - Getting chrome webdriver
2022-11-08 11:28:19,094 - OrangeHRMAutomation -INFO - Launched an application Url: using https://www.amazon.in/
2022-11-08 11:28:20,613 - OrangeHRMAutomation -INFO - Click on SignIn
2022-11-08 11:28:20,640 - OrangeHRMAutomation -INFO - Sign In Page displayed
2022-11-08 11:28:20,727 - OrangeHRMAutomation -INFO - User enterd user name as  : 7093348874
2022-11-08 11:28:22,183 - OrangeHRMAutomation -INFO - User clicked on Continue button
2022-11-08 11:28:22,253 - OrangeHRMAutomation -INFO - User enterd Password as  : Jagan@007
2022-11-09 12:44:57,542 - OrangeHRMAutomation -INFO - Loading config Properties file
2022-11-09 12:44:57,643 - OrangeHRMAutomation -INFO - Using browser- chrome
2022-11-09 12:44:57,643 - OrangeHRMAutomation -INFO - Getting chrome webdriver
2022-11-09 12:45:12,892 - OrangeHRMAutomation -INFO - Launched an application Url: using https://uat.capitalmonitor.ai/
2022-11-09 12:45:45,769 - OrangeHRMAutomation -INFO - Loading config Properties file
2022-11-09 12:45:45,773 - OrangeHRMAutomation -INFO - Using browser- chrome
2022-11-09 12:45:45,773 - OrangeHRMAutomation -INFO - Getting chrome webdriver
2022-11-09 12:45:58,698 - OrangeHRMAutomation -INFO - Launched an application Url: using https://uat.capitalmonitor.ai/
2022-11-09 12:46:52,808 - OrangeHRMAutomation -INFO - Loading config Properties file
2022-11-09 12:46:52,812 - OrangeHRMAutomation -INFO - Using browser- chrome
2022-11-09 12:46:52,813 - OrangeHRMAutomation -INFO - Getting chrome webdriver
2022-11-09 12:47:06,592 - OrangeHRMAutomation -INFO - Launched an application Url: using https://uat.capitalmonitor.ai/
2022-11-09 12:47:43,378 - OrangeHRMAutomation -INFO - Loading config Properties file
2022-11-09 12:47:43,385 - OrangeHRMAutomation -INFO - Using browser- chrome
2022-11-09 12:47:43,386 - OrangeHRMAutomation -INFO - Getting chrome webdriver
2022-11-09 12:47:59,629 - OrangeHRMAutomation -INFO - Launched an application Url: using https://uat.capitalmonitor.ai/
2022-11-17 18:28:31,038 - Amazon -INFO - Loading config Properties file
2022-11-17 18:28:31,109 - Amazon -INFO - Using browser- chrome
2022-11-17 18:28:31,110 - Amazon -INFO - Getting chrome webdriver
2022-11-17 18:28:49,670 - Amazon -INFO - Launched an application Url: using https://www.amazon.in/
2022-11-17 18:28:53,722 - Amazon -INFO - Click on SignIn
2022-11-17 18:28:54,129 - Amazon -INFO - Sign In Page displayed
2022-11-17 18:28:54,233 - Amazon -INFO - User enterd user name as  : 7093348874
2022-11-17 18:28:55,434 - Amazon -INFO - User clicked on Continue button
2022-11-17 18:28:55,516 - Amazon -INFO - User enterd Password as  : Jagan@007
2022-11-21 13:08:47,150 - Amazon -INFO - Loading config Properties file
2022-11-21 13:08:47,300 - Amazon -INFO - Using browser- chrome
2022-11-21 13:08:47,300 - Amazon -INFO - Getting chrome webdriver
2022-11-21 13:08:59,385 - Amazon -INFO - Launched an application Url: using https://www.amazon.in/
2022-11-21 13:09:01,910 - Amazon -INFO - Click on SignIn
2022-11-21 13:09:01,956 - Amazon -INFO - Sign In Page displayed
2022-11-21 13:09:02,046 - Amazon -INFO - User enterd user name as  : 7093348874
2022-11-21 13:09:03,296 - Amazon -INFO - User clicked on Continue button
2022-11-21 13:09:03,372 - Amazon -INFO - User enterd Password as  : Jagan@007
2022-11-21 13:09:24,553 - Amazon -INFO - Loading config Properties file
2022-11-21 13:09:24,554 - Amazon -INFO - Using browser- chrome
2022-11-21 13:09:24,555 - Amazon -INFO - Getting chrome webdriver
2022-11-21 13:09:25,045 - Amazon -INFO - Loading config Properties file
2022-11-21 13:09:25,045 - Amazon -INFO - Using browser- chrome
2022-11-21 13:09:25,046 - Amazon -INFO - Getting chrome webdriver
2022-12-06 15:42:28,846 - Amazon -INFO - Loading config Properties file
2022-12-06 15:42:28,951 - Amazon -INFO - Using browser- chrome
2022-12-06 15:42:28,952 - Amazon -INFO - Getting chrome webdriver
2022-12-06 15:42:42,121 - Amazon -INFO - Launched an application Url: using https://www.amazon.in/
2022-12-06 15:42:44,310 - Amazon -INFO - Click on SignIn
2022-12-06 15:42:44,815 - Amazon -INFO - Sign In Page displayed
2022-12-06 15:42:44,925 - Amazon -INFO - User enterd user name as  : 7093348874
2022-12-06 15:42:45,912 - Amazon -INFO - User clicked on Continue button
2022-12-06 15:42:46,001 - Amazon -INFO - User enterd Password as  : Jagan@007
2022-12-06 15:45:45,465 - Amazon -INFO - Loading config Properties file
2022-12-06 15:45:45,517 - Amazon -INFO - Using browser- chrome
2022-12-06 15:45:45,518 - Amazon -INFO - Getting chrome webdriver
2022-12-06 15:45:57,152 - Amazon -INFO - Launched an application Url: using https://www.amazon.in/
2022-12-06 15:45:59,196 - Amazon -INFO - Click on SignIn
2022-12-06 15:45:59,236 - Amazon -INFO - Sign In Page displayed
2022-12-06 15:45:59,344 - Amazon -INFO - User enterd user name as  : 7093348874
2022-12-06 15:46:00,458 - Amazon -INFO - User clicked on Continue button
2022-12-06 15:46:00,573 - Amazon -INFO - User enterd Password as  : Jagan@007
2022-12-06 15:49:34,455 - Amazon -INFO - Loading config Properties file
2022-12-06 15:49:34,462 - Amazon -INFO - Using browser- chrome
2022-12-06 15:49:34,462 - Amazon -INFO - Getting chrome webdriver
2022-12-06 15:49:44,155 - Amazon -INFO - Launched an application Url: using https://www.amazon.in/
2022-12-06 15:49:46,793 - Amazon -INFO - Click on SignIn
2022-12-06 15:49:46,832 - Amazon -INFO - Sign In Page displayed
2022-12-06 15:49:46,976 - Amazon -INFO - User enterd user name as  : 7093348874
2022-12-06 15:49:48,396 - Amazon -INFO - User clicked on Continue button
2022-12-06 15:49:48,482 - Amazon -INFO - User enterd Password as  : Jagan@007
2022-12-06 15:50:03,219 - Amazon -INFO - Loading config Properties file
2022-12-06 15:50:03,220 - Amazon -INFO - Using browser- chrome
2022-12-06 15:50:03,221 - Amazon -INFO - Getting chrome webdriver
2022-12-06 15:50:07,950 - Amazon -INFO - Launched an application Url: using https://www.amazon.in/
2022-12-06 15:50:09,626 - Amazon -INFO - Click on SignIn
2022-12-06 15:50:09,662 - Amazon -INFO - Sign In Page displayed
2022-12-06 15:50:09,780 - Amazon -INFO - User enterd user name as  : 7093348874
2022-12-06 15:50:10,712 - Amazon -INFO - User clicked on Continue button
2022-12-06 15:50:10,813 - Amazon -INFO - User enterd Password as  : Jagan@007
2022-12-06 15:50:22,168 - Amazon -INFO - Loading config Properties file
2022-12-06 15:50:22,169 - Amazon -INFO - Using browser- chrome
2022-12-06 15:50:22,169 - Amazon -INFO - Getting chrome webdriver
2022-12-06 15:50:25,483 - Amazon -INFO - Launched an application Url: using https://www.amazon.in/
2022-12-06 15:50:27,331 - Amazon -INFO - Click on SignIn
2022-12-06 15:50:27,362 - Amazon -INFO - Sign In Page displayed
2022-12-06 15:50:27,471 - Amazon -INFO - User enterd user name as  : 7093348874
2022-12-06 15:50:28,435 - Amazon -INFO - User clicked on Continue button
2022-12-06 15:50:28,521 - Amazon -INFO - User enterd Password as  : Jagan@007
2022-12-13 18:52:28,520 - Amazon -INFO - Loading config Properties file
2022-12-13 18:52:28,611 - Amazon -INFO - Using browser- chrome
2022-12-13 18:52:28,612 - Amazon -INFO - Getting chrome webdriver
2022-12-13 18:52:50,495 - Amazon -INFO - Loading config Properties file
2022-12-13 18:52:50,500 - Amazon -INFO - Using browser- chrome
2022-12-13 18:52:50,501 - Amazon -INFO - Getting chrome webdriver
2022-12-13 18:53:02,933 - Amazon -INFO - Launched an application Url: using https://www.amazon.in/
2022-12-13 18:53:03,351 - Amazon -INFO - Loading config Properties file
2022-12-13 18:53:03,351 - Amazon -INFO - Using browser- chrome
2022-12-13 18:53:03,351 - Amazon -INFO - Getting chrome webdriver
2022-12-13 18:53:03,413 - Amazon -INFO - Loading config Properties file
2022-12-13 18:53:03,414 - Amazon -INFO - Using browser- chrome
2022-12-13 18:53:03,414 - Amazon -INFO - Getting chrome webdriver
2022-12-17 11:07:08,669 - Amazon -INFO - Loading config Properties file
2022-12-17 11:07:08,715 - Amazon -INFO - Using browser- chrome
2022-12-17 11:07:08,715 - Amazon -INFO - Getting chrome webdriver
2022-12-17 11:07:22,299 - Amazon -INFO - Launched an application Url: using https://www.amazon.in/
2022-12-17 11:07:24,089 - Amazon -INFO - Click on SignIn
2022-12-17 11:07:24,148 - Amazon -INFO - Sign In Page displayed
2022-12-17 11:07:24,263 - Amazon -INFO - User enterd user name as  : 7093348
2022-12-17 11:08:19,910 - Amazon -INFO - Loading config Properties file
2022-12-17 11:08:19,915 - Amazon -INFO - Using browser- chrome
2022-12-17 11:08:19,915 - Amazon -INFO - Getting chrome webdriver
2022-12-17 11:08:32,323 - Amazon -INFO - Launched an application Url: using https://www.amazon.in/
2022-12-17 11:08:37,642 - Amazon -INFO - Click on SignIn
2022-12-17 11:08:37,737 - Amazon -INFO - Sign In Page displayed
2022-12-17 11:08:38,015 - Amazon -INFO - User enterd user name as  : 709334874
2022-12-17 11:09:04,765 - Amazon -INFO - Loading config Properties file
2022-12-17 11:09:04,826 - Amazon -INFO - Using browser- chrome
2022-12-17 11:09:04,827 - Amazon -INFO - Getting chrome webdriver
2022-12-17 11:09:15,616 - Amazon -INFO - Launched an application Url: using https://www.amazon.in/
2022-12-17 11:09:22,761 - Amazon -INFO - Click on SignIn
2022-12-17 11:09:22,800 - Amazon -INFO - Sign In Page displayed
2022-12-17 11:09:22,898 - Amazon -INFO - User enterd user name as  : 7093348874
2022-12-17 11:09:23,891 - Amazon -INFO - User clicked on Continue button
2022-12-17 11:09:23,967 - Amazon -INFO - User enterd Password as  : Jagan@007
2022-12-17 11:12:54,666 - Amazon -INFO - Loading config Properties file
2022-12-17 11:12:54,671 - Amazon -INFO - Using browser- chrome
2022-12-17 11:12:54,671 - Amazon -INFO - Getting chrome webdriver
2022-12-17 11:13:08,786 - Amazon -INFO - Launched an application Url: using https://www.amazon.in/
2022-12-17 11:13:11,803 - Amazon -INFO - Click on SignIn
2022-12-17 11:13:11,852 - Amazon -INFO - Sign In Page displayed
2022-12-17 11:13:11,971 - Amazon -INFO - User enterd user name as  : 7093348874
2022-12-17 11:13:13,065 - Amazon -INFO - User clicked on Continue button
2022-12-17 11:13:13,178 - Amazon -INFO - User enterd Password as  : Jagan@007
2022-12-17 11:13:28,971 - Amazon -INFO - Loading config Properties file
2022-12-17 11:13:28,972 - Amazon -INFO - Using browser- chrome
2022-12-17 11:13:28,972 - Amazon -INFO - Getting chrome webdriver
2022-12-17 11:13:35,029 - Amazon -INFO - Launched an application Url: using https://www.amazon.in/
2022-12-17 11:13:36,780 - Amazon -INFO - Click on SignIn
2022-12-17 11:13:36,807 - Amazon -INFO - Sign In Page displayed
2022-12-17 11:13:36,906 - Amazon -INFO - User enterd user name as  : 7093348874
2022-12-17 11:13:37,961 - Amazon -INFO - User clicked on Continue button
2022-12-17 11:13:38,106 - Amazon -INFO - User enterd Password as  : Jagan@007
2022-12-17 11:13:48,542 - Amazon -INFO - Loading config Properties file
2022-12-17 11:13:48,543 - Amazon -INFO - Using browser- chrome
2022-12-17 11:13:48,543 - Amazon -INFO - Getting chrome webdriver
2022-12-17 11:13:54,984 - Amazon -INFO - Launched an application Url: using https://www.amazon.in/
2022-12-17 11:13:56,059 - Amazon -INFO - Click on SignIn
2022-12-17 11:13:56,087 - Amazon -INFO - Sign In Page displayed
2022-12-17 11:13:56,176 - Amazon -INFO - User enterd user name as  : 7093348874
2022-12-17 11:13:57,032 - Amazon -INFO - User clicked on Continue button
2022-12-17 11:13:57,105 - Amazon -INFO - User enterd Password as  : Jagan@007
2023-01-26 11:15:58,867 - Amazon -INFO - Loading config Properties file
2023-01-26 11:15:58,908 - Amazon -INFO - Using browser- chrome
2023-01-26 11:15:58,909 - Amazon -INFO - Getting chrome webdriver
2023-01-26 11:18:39,749 - Amazon -INFO - Loading config Properties file
2023-01-26 11:18:39,807 - Amazon -INFO - Using browser- chrome
2023-01-26 11:18:39,807 - Amazon -INFO - Getting chrome webdriver
2023-01-26 12:19:01,898 - Amazon -INFO - Loading config Properties file
2023-01-26 12:19:01,961 - Amazon -INFO - Using browser- chrome
2023-01-26 12:19:01,961 - Amazon -INFO - Getting chrome webdriver
2023-01-26 12:19:11,435 - Amazon -INFO - Launched an application Url: using https://www.amazon.in/
2023-01-26 12:19:15,783 - Amazon -INFO - Click on SignIn
2023-01-26 12:19:15,825 - Amazon -INFO - Sign In Page displayed
2023-01-26 12:19:15,928 - Amazon -INFO - User enterd user name as  : 7093348874
2023-01-26 12:19:17,651 - Amazon -INFO - User clicked on Continue button
2023-01-26 12:19:17,727 - Amazon -INFO - User enterd Password as  : Jagan@007
2023-01-26 12:24:09,612 - Amazon -INFO - Loading config Properties file
2023-01-26 12:24:09,617 - Amazon -INFO - Using browser- chrome
2023-01-26 12:24:09,617 - Amazon -INFO - Getting chrome webdriver
2023-01-26 12:24:21,328 - Amazon -INFO - Launched an application Url: using https://www.amazon.in/
2023-01-26 12:24:27,539 - Amazon -INFO - Click on SignIn
2023-01-26 12:24:27,584 - Amazon -INFO - Sign In Page displayed
2023-01-26 12:24:27,681 - Amazon -INFO - User enterd user name as  : 7093348874
2023-01-26 12:24:28,579 - Amazon -INFO - User clicked on Continue button
2023-01-26 12:24:28,651 - Amazon -INFO - User enterd Password as  : Jagan@007
2023-02-10 12:22:26,223 - Amazon -INFO - Loading config Properties file
2023-02-10 12:22:26,350 - Amazon -INFO - Using browser- chrome
2023-02-10 12:22:26,350 - Amazon -INFO - Getting chrome webdriver
2023-02-10 12:22:39,792 - Amazon -INFO - Launched an application Url: using https://www.amazon.in/
2023-02-10 12:22:43,377 - Amazon -INFO - Click on SignIn
2023-02-10 12:22:43,850 - Amazon -INFO - Sign In Page displayed
2023-02-10 12:22:44,003 - Amazon -INFO - User enterd user name as  : 7093348874
2023-02-10 12:22:45,021 - Amazon -INFO - User clicked on Continue button
2023-02-10 12:22:45,130 - Amazon -INFO - User enterd Password as  : Jagan@007
2023-02-16 00:16:49,519 - Amazon -INFO - Loading config Properties file
2023-02-16 00:16:49,558 - Amazon -INFO - Using browser- chrome
2023-02-16 00:16:49,559 - Amazon -INFO - Getting chrome webdriver
2023-02-16 00:21:42,215 - Amazon -INFO - Loading config Properties file
2023-02-16 00:21:42,220 - Amazon -INFO - Using browser- chrome
2023-02-16 00:21:42,220 - Amazon -INFO - Getting chrome webdriver
2023-02-16 00:21:59,882 - Amazon -INFO - Launched an application Url: using https://www.amazon.in/
2023-02-16 00:22:07,399 - Amazon -INFO - Click on SignIn
2023-02-16 00:22:07,440 - Amazon -INFO - Sign In Page displayed
2023-02-16 00:22:08,094 - Amazon -INFO - User enterd user name as  : 7093348874
2023-02-16 00:22:12,954 - Amazon -INFO - User clicked on Continue button
2023-02-16 00:22:13,301 - Amazon -INFO - User enterd Password as  : Jagan@007
2023-02-21 11:56:51,545 - Amazon -INFO - Loading config Properties file
2023-02-21 11:56:51,671 - Amazon -INFO - Using browser- chrome
2023-02-21 11:56:51,672 - Amazon -INFO - Getting chrome webdriver
2023-02-21 11:57:09,303 - Amazon -INFO - Launched an application Url: using https://www.amazon.in/
2023-02-21 11:57:13,358 - Amazon -INFO - Click on SignIn
2023-02-21 11:57:13,417 - Amazon -INFO - Sign In Page displayed
2023-02-21 11:57:13,533 - Amazon -INFO - User enterd user name as  : 70933
2023-02-21 11:57:15,596 - Amazon -INFO - User clicked on Continue button
2023-02-21 11:57:15,690 - Amazon -INFO - User enterd Password as  : Jagan@007
2023-02-21 11:57:27,918 - Amazon -INFO - Loading config Properties file
2023-02-21 11:57:27,919 - Amazon -INFO - Using browser- chrome
2023-02-21 11:57:27,920 - Amazon -INFO - Getting chrome webdriver
2023-02-21 11:57:33,498 - Amazon -INFO - Launched an application Url: using https://www.amazon.in/
2023-02-21 11:57:34,920 - Amazon -INFO - Click on SignIn
2023-02-21 11:57:34,951 - Amazon -INFO - Sign In Page displayed
2023-02-21 11:57:35,041 - Amazon -INFO - User enterd user name as  : 70933
2023-02-21 11:57:36,642 - Amazon -INFO - User clicked on Continue button
2023-02-21 11:57:36,732 - Amazon -INFO - User enterd Password as  : Jagan@007
2023-02-21 11:57:39,404 - Amazon -INFO - Loading config Properties file
2023-02-21 11:57:39,407 - Amazon -INFO - Using browser- chrome
2023-02-21 11:57:39,407 - Amazon -INFO - Getting chrome webdriver
2023-02-21 11:58:00,460 - Amazon -INFO - Loading config Properties file
2023-02-21 11:58:00,468 - Amazon -INFO - Using browser- chrome
2023-02-21 11:58:00,469 - Amazon -INFO - Getting chrome webdriver
2023-02-21 11:58:10,299 - Amazon -INFO - Launched an application Url: using https://www.amazon.in/
2023-02-21 11:58:12,277 - Amazon -INFO - Click on SignIn
2023-02-21 11:58:12,339 - Amazon -INFO - Sign In Page displayed
2023-02-21 11:58:12,479 - Amazon -INFO - User enterd user name as  : 7093348874
2023-02-21 11:58:14,028 - Amazon -INFO - User clicked on Continue button
2023-02-21 11:58:14,149 - Amazon -INFO - User enterd Password as  : Jagan@007
2023-02-21 11:58:28,624 - Amazon -INFO - Loading config Properties file
2023-02-21 11:58:28,625 - Amazon -INFO - Using browser- chrome
2023-02-21 11:58:28,625 - Amazon -INFO - Getting chrome webdriver
2023-02-21 11:58:33,048 - Amazon -INFO - Launched an application Url: using https://www.amazon.in/
2023-02-21 11:58:34,729 - Amazon -INFO - Click on SignIn
2023-02-21 11:58:34,782 - Amazon -INFO - Sign In Page displayed
2023-02-21 11:58:34,906 - Amazon -INFO - User enterd user name as  : 7093348874
2023-02-21 11:58:36,053 - Amazon -INFO - User clicked on Continue button
2023-02-21 11:58:36,198 - Amazon -INFO - User enterd Password as  : Jagan@007
2023-02-21 11:58:47,300 - Amazon -INFO - Loading config Properties file
2023-02-21 11:58:47,301 - Amazon -INFO - Using browser- chrome
2023-02-21 11:58:47,301 - Amazon -INFO - Getting chrome webdriver
2023-02-21 11:58:50,793 - Amazon -INFO - Launched an application Url: using https://www.amazon.in/
2023-02-21 11:58:52,236 - Amazon -INFO - Click on SignIn
2023-02-21 11:58:52,271 - Amazon -INFO - Sign In Page displayed
2023-02-21 11:58:52,373 - Amazon -INFO - User enterd user name as  : 7093348874
2023-02-21 11:58:53,144 - Amazon -INFO - User clicked on Continue button
2023-02-21 11:58:53,239 - Amazon -INFO - User enterd Password as  : Jagan@007
2023-02-21 11:59:43,350 - Amazon -INFO - Loading config Properties file
2023-02-21 11:59:43,361 - Amazon -INFO - Using browser- chrome
2023-02-21 11:59:43,361 - Amazon -INFO - Getting chrome webdriver
2023-02-21 11:59:52,156 - Amazon -INFO - Launched an application Url: using https://www.amazon.in/
2023-02-21 11:59:53,873 - Amazon -INFO - Click on SignIn
2023-02-21 11:59:53,910 - Amazon -INFO - Sign In Page displayed
2023-02-21 11:59:54,051 - Amazon -INFO - User enterd user name as  : 7093348874
2023-02-21 11:59:54,979 - Amazon -INFO - User clicked on Continue button
2023-02-21 11:59:55,081 - Amazon -INFO - User enterd Password as  : Jagan@007
2023-02-21 12:00:05,335 - Amazon -INFO - Loading config Properties file
2023-02-21 12:00:05,336 - Amazon -INFO - Using browser- chrome
2023-02-21 12:00:05,336 - Amazon -INFO - Getting chrome webdriver
2023-02-21 12:00:09,788 - Amazon -INFO - Launched an application Url: using https://www.amazon.in/
2023-02-21 12:00:11,509 - Amazon -INFO - Click on SignIn
2023-02-21 12:00:11,539 - Amazon -INFO - Sign In Page displayed
2023-02-21 12:00:11,638 - Amazon -INFO - User enterd user name as  : 7093348874
2023-02-21 12:00:12,678 - Amazon -INFO - User clicked on Continue button
2023-02-21 12:00:12,810 - Amazon -INFO - User enterd Password as  : Jagan@007
2023-02-21 12:00:25,639 - Amazon -INFO - Loading config Properties file
2023-02-21 12:00:25,640 - Amazon -INFO - Using browser- chrome
2023-02-21 12:00:25,640 - Amazon -INFO - Getting chrome webdriver
2023-02-22 10:53:30,520 - Amazon -INFO - Loading config Properties file
2023-02-22 10:53:30,678 - Amazon -INFO - Using browser- chrome
2023-02-22 10:53:30,679 - Amazon -INFO - Getting chrome webdriver
2023-02-22 10:53:50,484 - Amazon -INFO - Launched an application Url: using https://www.amazon.in/
2023-02-22 10:53:55,054 - Amazon -INFO - Click on SignIn
2023-02-22 10:53:55,666 - Amazon -INFO - Sign In Page displayed
2023-02-22 10:53:55,773 - Amazon -INFO - User enterd user name as  : 7093348874
2023-02-22 10:53:56,835 - Amazon -INFO - User clicked on Continue button
2023-02-22 10:53:57,012 - Amazon -INFO - User enterd Password as  : Jagan@007
2023-02-22 10:54:09,260 - Amazon -INFO - Loading config Properties file
2023-02-22 10:54:09,260 - Amazon -INFO - Using browser- chrome
2023-02-22 10:54:09,261 - Amazon -INFO - Getting chrome webdriver
2023-02-22 10:54:16,760 - Amazon -INFO - Launched an application Url: using https://www.amazon.in/
2023-02-22 10:54:18,812 - Amazon -INFO - Click on SignIn
2023-02-22 10:54:19,025 - Amazon -INFO - Sign In Page displayed
2023-02-22 10:54:19,132 - Amazon -INFO - User enterd user name as  : 7093348874
2023-02-22 10:54:20,475 - Amazon -INFO - User clicked on Continue button
2023-02-22 10:54:20,613 - Amazon -INFO - User enterd Password as  : Jagan@007
2023-02-22 10:54:32,531 - Amazon -INFO - Loading config Properties file
2023-02-22 10:54:32,532 - Amazon -INFO - Using browser- chrome
2023-02-22 10:54:32,532 - Amazon -INFO - Getting chrome webdriver
2023-02-22 10:54:36,488 - Amazon -INFO - Launched an application Url: using https://www.amazon.in/
2023-02-22 10:54:38,051 - Amazon -INFO - Click on SignIn
2023-02-22 10:54:38,092 - Amazon -INFO - Sign In Page displayed
2023-02-22 10:54:38,184 - Amazon -INFO - User enterd user name as  : 7093348874
2023-02-22 10:54:39,237 - Amazon -INFO - User clicked on Continue button
2023-02-22 10:54:39,319 - Amazon -INFO - User enterd Password as  : Jagan@007
2023-02-22 10:55:46,778 - Amazon -INFO - Loading config Properties file
2023-02-22 10:55:46,785 - Amazon -INFO - Using browser- chrome
2023-02-22 10:55:46,785 - Amazon -INFO - Getting chrome webdriver
2023-02-22 10:55:54,249 - Amazon -INFO - Launched an application Url: using https://www.amazon.in/
2023-02-22 10:56:04,552 - Amazon -INFO - Loading config Properties file
2023-02-22 10:56:04,553 - Amazon -INFO - Using browser- chrome
2023-02-22 10:56:04,554 - Amazon -INFO - Getting chrome webdriver
2023-02-22 10:56:10,630 - Amazon -INFO - Launched an application Url: using https://www.amazon.in/
2023-02-22 10:56:12,727 - Amazon -INFO - Click on SignIn
2023-02-22 10:56:12,816 - Amazon -INFO - Sign In Page displayed
2023-02-22 10:56:13,327 - Amazon -INFO - User enterd user name as  : 8686685340
2023-02-22 10:56:15,507 - Amazon -INFO - User clicked on Continue button
2023-02-22 10:56:15,621 - Amazon -INFO - User enterd Password as  : vali@1234
2023-02-22 10:56:25,962 - Amazon -INFO - Loading config Properties file
2023-02-22 10:56:25,963 - Amazon -INFO - Using browser- chrome
2023-02-22 10:56:25,963 - Amazon -INFO - Getting chrome webdriver
2023-02-22 10:56:30,140 - Amazon -INFO - Launched an application Url: using https://www.amazon.in/
2023-02-22 10:56:31,517 - Amazon -INFO - Click on SignIn
2023-02-22 10:56:31,547 - Amazon -INFO - Sign In Page displayed
2023-02-22 10:56:31,643 - Amazon -INFO - User enterd user name as  : 8686685340
2023-02-22 10:56:32,559 - Amazon -INFO - User clicked on Continue button
2023-02-22 10:56:32,635 - Amazon -INFO - User enterd Password as  : vali@1234
2023-04-18 11:44:59,354 - Amazon -INFO - Loading config Properties file
2023-04-18 11:44:59,540 - Amazon -INFO - Using browser- chrome
2023-04-18 11:44:59,541 - Amazon -INFO - Getting chrome webdriver
2023-04-18 11:45:06,084 - Amazon -INFO - Loading config Properties file
2023-04-18 11:45:06,085 - Amazon -INFO - Using browser- chrome
2023-04-18 11:45:06,086 - Amazon -INFO - Getting chrome webdriver
2023-04-18 11:45:09,660 - Amazon -INFO - Loading config Properties file
2023-04-18 11:45:09,660 - Amazon -INFO - Using browser- chrome
2023-04-18 11:45:09,661 - Amazon -INFO - Getting chrome webdriver
2023-04-18 12:42:46,632 - Amazon -INFO - Loading config Properties file
2023-04-18 12:42:46,638 - Amazon -INFO - Using browser- chrome
2023-04-18 12:42:46,638 - Amazon -INFO - Getting chrome webdriver
2023-04-18 12:42:51,451 - Amazon -INFO - Loading config Properties file
2023-04-18 12:42:51,453 - Amazon -INFO - Using browser- chrome
2023-04-18 12:42:51,454 - Amazon -INFO - Getting chrome webdriver
2023-04-18 12:42:54,130 - Amazon -INFO - Loading config Properties file
2023-04-18 12:42:54,133 - Amazon -INFO - Using browser- chrome
2023-04-18 12:42:54,133 - Amazon -INFO - Getting chrome webdriver
2023-04-18 12:45:08,682 - Amazon -INFO - Loading config Properties file
2023-04-18 12:45:08,687 - Amazon -INFO - Using browser- chrome
2023-04-18 12:45:08,687 - Amazon -INFO - Getting chrome webdriver
2023-04-18 12:45:12,088 - Amazon -INFO - Loading config Properties file
2023-04-18 12:45:12,089 - Amazon -INFO - Using browser- chrome
2023-04-18 12:45:12,089 - Amazon -INFO - Getting chrome webdriver
2023-04-18 12:45:13,931 - Amazon -INFO - Loading config Properties file
2023-04-18 12:45:13,932 - Amazon -INFO - Using browser- chrome
2023-04-18 12:45:13,932 - Amazon -INFO - Getting chrome webdriver
2023-04-21 09:31:31,800 - Amazon -INFO - Loading config Properties file
2023-04-21 09:31:31,902 - Amazon -INFO - Using browser- chrome
2023-04-21 09:31:31,902 - Amazon -INFO - Getting chrome webdriver
2023-04-21 09:31:41,111 - Amazon -INFO - Loading config Properties file
2023-04-21 09:31:41,111 - Amazon -INFO - Using browser- chrome
2023-04-21 09:31:41,112 - Amazon -INFO - Getting chrome webdriver
2023-04-21 09:31:43,897 - Amazon -INFO - Loading config Properties file
2023-04-21 09:31:43,898 - Amazon -INFO - Using browser- chrome
2023-04-21 09:31:43,899 - Amazon -INFO - Getting chrome webdriver
2023-04-21 09:37:28,828 - Amazon -INFO - Loading config Properties file
2023-04-21 09:37:28,878 - Amazon -INFO - Using browser- chrome
2023-04-21 09:37:28,878 - Amazon -INFO - Getting chrome webdriver
2023-04-21 09:37:28,966 - Amazon -INFO - Loading config Properties file
2023-04-21 09:37:28,966 - Amazon -INFO - Using browser- chrome
2023-04-21 09:37:28,966 - Amazon -INFO - Getting chrome webdriver
2023-04-21 09:37:28,994 - Amazon -INFO - Loading config Properties file
2023-04-21 09:37:28,995 - Amazon -INFO - Using browser- chrome
2023-04-21 09:37:28,995 - Amazon -INFO - Getting chrome webdriver
2023-04-21 09:38:34,758 - Amazon -INFO - Loading config Properties file
2023-04-21 09:38:34,762 - Amazon -INFO - Using browser- chrome
2023-04-21 09:38:34,762 - Amazon -INFO - Getting chrome webdriver
2023-04-21 09:38:34,860 - Amazon -INFO - Loading config Properties file
2023-04-21 09:38:34,861 - Amazon -INFO - Using browser- chrome
2023-04-21 09:38:34,861 - Amazon -INFO - Getting chrome webdriver
2023-04-21 09:38:34,910 - Amazon -INFO - Loading config Properties file
2023-04-21 09:38:34,910 - Amazon -INFO - Using browser- chrome
2023-04-21 09:38:34,910 - Amazon -INFO - Getting chrome webdriver
2023-04-21 09:39:46,988 - Amazon -INFO - Loading config Properties file
2023-04-21 09:39:46,993 - Amazon -INFO - Using browser- chrome
2023-04-21 09:39:46,994 - Amazon -INFO - Getting chrome webdriver
2023-04-21 09:39:51,727 - Amazon -INFO - Loading config Properties file
2023-04-21 09:39:51,727 - Amazon -INFO - Using browser- chrome
2023-04-21 09:39:51,728 - Amazon -INFO - Getting chrome webdriver
2023-04-21 09:39:54,296 - Amazon -INFO - Loading config Properties file
2023-04-21 09:39:54,296 - Amazon -INFO - Using browser- chrome
2023-04-21 09:39:54,297 - Amazon -INFO - Getting chrome webdriver
2023-04-21 09:45:48,669 - Amazon -INFO - Loading config Properties file
2023-04-21 09:45:48,718 - Amazon -INFO - Using browser- chrome
2023-04-21 09:45:48,718 - Amazon -INFO - Getting chrome webdriver
2023-04-21 09:45:52,608 - Amazon -INFO - Loading config Properties file
2023-04-21 09:45:52,609 - Amazon -INFO - Using browser- chrome
2023-04-21 09:45:52,609 - Amazon -INFO - Getting chrome webdriver
2023-04-21 09:45:54,260 - Amazon -INFO - Loading config Properties file
2023-04-21 09:45:54,260 - Amazon -INFO - Using browser- chrome
2023-04-21 09:45:54,261 - Amazon -INFO - Getting chrome webdriver
2023-04-21 09:46:29,130 - Amazon -INFO - Loading config Properties file
2023-04-21 09:46:29,135 - Amazon -INFO - Using browser- chrome
2023-04-21 09:46:29,136 - Amazon -INFO - Getting chrome webdriver
2023-04-21 09:46:33,489 - Amazon -INFO - Loading config Properties file
2023-04-21 09:46:33,489 - Amazon -INFO - Using browser- chrome
2023-04-21 09:46:33,490 - Amazon -INFO - Getting chrome webdriver
2023-04-21 09:46:37,353 - Amazon -INFO - Loading config Properties file
2023-04-21 09:46:37,353 - Amazon -INFO - Using browser- chrome
2023-04-21 09:46:37,354 - Amazon -INFO - Getting chrome webdriver
2023-04-21 09:49:50,364 - Amazon -INFO - Loading config Properties file
2023-04-21 09:49:50,370 - Amazon -INFO - Using browser- chrome
2023-04-21 09:49:50,371 - Amazon -INFO - Getting chrome webdriver
2023-04-21 09:50:02,571 - Amazon -INFO - Launched an application Url: using https://www.amazon.in/
2023-04-21 09:50:05,730 - Amazon -INFO - Click on SignIn
2023-04-21 09:50:05,763 - Amazon -INFO - Sign In Page displayed
2023-04-21 09:50:05,873 - Amazon -INFO - User enterd user name as  : 9440357612
2023-04-21 09:50:56,417 - Amazon -INFO - Loading config Properties file
2023-04-21 09:50:56,424 - Amazon -INFO - Using browser- chrome
2023-04-21 09:50:56,424 - Amazon -INFO - Getting chrome webdriver
2023-04-21 09:51:07,031 - Amazon -INFO - Loading config Properties file
2023-04-21 09:51:07,031 - Amazon -INFO - Using browser- chrome
2023-04-21 09:51:07,033 - Amazon -INFO - Getting chrome webdriver
2023-04-21 09:51:08,332 - Amazon -INFO - Launched an application Url: using https://www.amazon.in/
2023-04-21 09:51:11,923 - Amazon -INFO - Click on SignIn
2023-04-21 09:51:11,953 - Amazon -INFO - Sign In Page displayed
2023-04-21 09:51:12,064 - Amazon -INFO - User enterd user name as  : 7093348874
2023-04-21 09:51:13,197 - Amazon -INFO - User clicked on Continue button
2023-04-21 09:51:13,301 - Amazon -INFO - User enterd Password as  : Jagan@007
2023-04-21 09:51:22,886 - Amazon -INFO - Launched an application Url: using https://www.amazon.in/
2023-04-21 09:51:23,588 - Amazon -INFO - Loading config Properties file
2023-04-21 09:51:23,589 - Amazon -INFO - Using browser- chrome
2023-04-21 09:51:23,589 - Amazon -INFO - Getting chrome webdriver
2023-04-21 09:51:28,845 - Amazon -INFO - Click on SignIn
2023-04-21 09:51:28,879 - Amazon -INFO - Sign In Page displayed
2023-04-21 09:51:28,966 - Amazon -INFO - User enterd user name as  : 9440357612
2023-04-21 09:51:40,468 - Amazon -INFO - Launched an application Url: using https://www.amazon.in/
2023-04-21 09:51:40,567 - Amazon -INFO - Loading config Properties file
2023-04-21 09:51:40,567 - Amazon -INFO - Using browser- chrome
2023-04-21 09:51:40,568 - Amazon -INFO - Getting chrome webdriver
2023-04-21 09:52:34,735 - Amazon -INFO - Loading config Properties file
2023-04-21 09:52:34,735 - Amazon -INFO - Using browser- chrome
2023-04-21 09:52:34,737 - Amazon -INFO - Getting chrome webdriver
2023-04-21 09:52:40,657 - Amazon -INFO - Launched an application Url: using https://www.amazon.in/
2023-04-21 11:03:33,960 - Amazon -INFO - Loading config Properties file
2023-04-21 11:03:35,048 - Amazon -INFO - Using browser- chrome
2023-04-21 11:03:35,049 - Amazon -INFO - Getting chrome webdriver
2023-04-21 11:03:55,328 - Amazon -INFO - Launched an application Url: using https://www.amazon.in/
2023-04-21 11:07:59,184 - Amazon -INFO - Loading config Properties file
2023-04-21 11:07:59,188 - Amazon -INFO - Using browser- chrome
2023-04-21 11:07:59,189 - Amazon -INFO - Getting chrome webdriver
2023-04-21 11:08:11,213 - Amazon -INFO - Launched an application Url: using https://www.flipkart.com/
2023-04-21 11:13:00,514 - Amazon -INFO - Loading config Properties file
2023-04-21 11:13:00,518 - Amazon -INFO - Using browser- chrome
2023-04-21 11:13:00,519 - Amazon -INFO - Getting chrome webdriver
2023-04-21 11:13:10,118 - Amazon -INFO - Launched an application Url: using https://www.flipkart.com/
2023-04-21 11:39:06,437 - Amazon -INFO - Loading config Properties file
2023-04-21 11:39:06,442 - Amazon -INFO - Using browser- chrome
2023-04-21 11:39:06,443 - Amazon -INFO - Getting chrome webdriver
2023-04-21 11:39:17,125 - Amazon -INFO - Launched an application Url: using https://www.flipkart.com/
2023-04-21 11:42:42,182 - Amazon -INFO - Loading config Properties file
2023-04-21 11:42:42,187 - Amazon -INFO - Using browser- chrome
2023-04-21 11:42:42,187 - Amazon -INFO - Getting chrome webdriver
2023-04-21 11:42:52,405 - Amazon -INFO - Launched an application Url: using https://www.flipkart.com/
2023-04-21 11:45:14,005 - Amazon -INFO - Loading config Properties file
2023-04-21 11:45:14,010 - Amazon -INFO - Using browser- chrome
2023-04-21 11:45:14,010 - Amazon -INFO - Getting chrome webdriver
2023-04-21 11:45:24,260 - Amazon -INFO - Launched an application Url: using https://www.flipkart.com/
2023-04-21 11:55:04,421 - Amazon -INFO - Loading config Properties file
2023-04-21 11:55:04,426 - Amazon -INFO - Using browser- chrome
2023-04-21 11:55:04,426 - Amazon -INFO - Getting chrome webdriver
2023-04-21 11:55:16,907 - Amazon -INFO - Launched an application Url: using https://demoqa.com/
2023-04-21 12:08:42,305 - Amazon -INFO - Loading config Properties file
2023-04-21 12:08:42,313 - Amazon -INFO - Using browser- chrome
2023-04-21 12:08:42,314 - Amazon -INFO - Getting chrome webdriver
2023-04-21 12:08:55,289 - Amazon -INFO - Launched an application Url: using https://demoqa.com/
2023-04-21 12:17:18,761 - Amazon -INFO - Loading config Properties file
2023-04-21 12:17:18,768 - Amazon -INFO - Using browser- chrome
2023-04-21 12:17:18,769 - Amazon -INFO - Getting chrome webdriver
2023-04-21 12:17:29,139 - Amazon -INFO - Launched an application Url: using https://demoqa.com/
2023-04-21 14:12:20,540 - Amazon -INFO - Loading config Properties file
2023-04-21 14:12:20,544 - Amazon -INFO - Using browser- chrome
2023-04-21 14:12:20,544 - Amazon -INFO - Getting chrome webdriver
2023-04-21 14:12:34,189 - Amazon -INFO - Launched an application Url: using https://www.amazon.in/
2023-04-21 14:12:39,036 - Amazon -INFO - Click on SignIn
2023-04-21 14:12:39,077 - Amazon -INFO - Sign In Page displayed
2023-04-21 14:12:39,181 - Amazon -INFO - User enterd user name as  : 4555
2023-04-21 14:12:56,857 - Amazon -INFO - Loading config Properties file
2023-04-21 14:12:56,861 - Amazon -INFO - Using browser- chrome
2023-04-21 14:12:56,862 - Amazon -INFO - Getting chrome webdriver
2023-04-21 14:13:42,120 - Amazon -INFO - Loading config Properties file
2023-04-21 14:13:42,122 - Amazon -INFO - Using browser- chrome
2023-04-21 14:13:42,124 - Amazon -INFO - Getting chrome webdriver
2023-04-21 14:13:55,232 - Amazon -INFO - Launched an application Url: using https://www.amazon.in/
2023-04-21 14:14:01,482 - Amazon -INFO - Click on SignIn
2023-04-21 14:14:01,531 - Amazon -INFO - Sign In Page displayed
2023-04-21 14:14:01,613 - Amazon -INFO - User enterd user name as  : 55555
2023-04-21 14:15:02,678 - Amazon -INFO - Loading config Properties file
2023-04-21 14:15:02,678 - Amazon -INFO - Using browser- chrome
2023-04-21 14:15:02,679 - Amazon -INFO - Getting chrome webdriver
2023-04-21 14:15:11,958 - Amazon -INFO - Launched an application Url: using https://www.amazon.in/
2023-04-21 14:15:14,842 - Amazon -INFO - Click on SignIn
2023-04-21 14:15:14,873 - Amazon -INFO - Sign In Page displayed
2023-04-21 14:15:14,987 - Amazon -INFO - User enterd user name as  : 55555
2023-04-21 14:16:16,001 - Amazon -INFO - Loading config Properties file
2023-04-21 14:16:16,002 - Amazon -INFO - Using browser- chrome
2023-04-21 14:16:16,002 - Amazon -INFO - Getting chrome webdriver
2023-04-21 14:16:25,231 - Amazon -INFO - Launched an application Url: using https://www.amazon.in/
2023-04-21 14:16:26,889 - Amazon -INFO - Click on SignIn
2023-04-21 14:16:26,945 - Amazon -INFO - Sign In Page displayed
2023-04-21 14:16:27,073 - Amazon -INFO - User enterd user name as  : 55555
2023-04-21 14:21:43,707 - Amazon -INFO - Loading config Properties file
2023-04-21 14:21:43,712 - Amazon -INFO - Using browser- chrome
2023-04-21 14:21:43,713 - Amazon -INFO - Getting chrome webdriver
2023-04-21 14:25:31,513 - Amazon -INFO - Loading config Properties file
2023-04-21 14:25:31,517 - Amazon -INFO - Using browser- chrome
2023-04-21 14:25:31,518 - Amazon -INFO - Getting chrome webdriver
2023-04-21 14:26:25,297 - Amazon -INFO - Loading config Properties file
2023-04-21 14:26:25,304 - Amazon -INFO - Using browser- chrome
2023-04-21 14:26:25,305 - Amazon -INFO - Getting chrome webdriver
2023-04-21 14:27:05,023 - Amazon -INFO - Loading config Properties file
2023-04-21 14:27:05,033 - Amazon -INFO - Using browser- chrome
2023-04-21 14:27:05,040 - Amazon -INFO - Getting chrome webdriver
2023-04-21 14:29:44,233 - Amazon -INFO - Loading config Properties file
2023-04-21 14:29:44,239 - Amazon -INFO - Using browser- chrome
2023-04-21 14:29:44,240 - Amazon -INFO - Getting chrome webdriver
2023-04-21 14:30:40,820 - Amazon -INFO - Loading config Properties file
2023-04-21 14:30:40,824 - Amazon -INFO - Using browser- chrome
2023-04-21 14:30:40,825 - Amazon -INFO - Getting chrome webdriver
2023-04-21 14:31:18,237 - Amazon -INFO - Loading config Properties file
2023-04-21 14:31:18,243 - Amazon -INFO - Using browser- chrome
2023-04-21 14:31:18,243 - Amazon -INFO - Getting chrome webdriver
2023-04-21 14:37:20,862 - Amazon -INFO - Loading config Properties file
2023-04-21 14:37:20,867 - Amazon -INFO - Using browser- chrome
2023-04-21 14:37:20,867 - Amazon -INFO - Getting chrome webdriver
2023-04-21 14:38:24,475 - Amazon -INFO - Loading config Properties file
2023-04-21 14:38:24,481 - Amazon -INFO - Using browser- chrome
2023-04-21 14:38:24,481 - Amazon -INFO - Getting chrome webdriver
2023-04-21 14:38:56,599 - Amazon -INFO - Loading config Properties file
2023-04-21 14:38:56,605 - Amazon -INFO - Using browser- chrome
2023-04-21 14:38:56,606 - Amazon -INFO - Getting chrome webdriver
2023-04-21 14:40:10,551 - Amazon -INFO - Loading config Properties file
2023-04-21 14:40:10,556 - Amazon -INFO - Using browser- chrome
2023-04-21 14:40:10,556 - Amazon -INFO - Getting chrome webdriver
2023-04-21 16:22:19,388 - Amazon -INFO - Loading config Properties file
2023-04-21 16:22:19,393 - Amazon -INFO - Using browser- chrome
2023-04-21 16:22:19,393 - Amazon -INFO - Getting chrome webdriver
2023-04-21 16:22:30,273 - Amazon -INFO - Launched an application Url: using https://www.amazon.in/
2023-04-21 16:22:32,757 - Amazon -INFO - Click on SignIn
2023-04-21 16:22:32,793 - Amazon -INFO - Sign In Page displayed
2023-04-21 16:22:32,878 - Amazon -INFO - User enterd user name as  : 4555
2023-04-21 16:22:56,943 - Amazon -INFO - User clicked on Continue button
2023-04-21 16:22:57,009 - Amazon -INFO - Loading config Properties file
2023-04-21 16:22:57,009 - Amazon -INFO - Using browser- chrome
2023-04-21 16:22:57,009 - Amazon -INFO - Getting chrome webdriver
2023-04-21 16:23:03,045 - Amazon -INFO - Loading config Properties file
2023-04-21 16:23:03,049 - Amazon -INFO - Using browser- chrome
2023-04-21 16:23:03,050 - Amazon -INFO - Getting chrome webdriver
2023-04-21 16:23:07,755 - Amazon -INFO - Launched an application Url: using https://www.amazon.in/
2023-04-21 16:23:08,991 - Amazon -INFO - Click on SignIn
2023-04-21 16:23:09,017 - Amazon -INFO - Sign In Page displayed
2023-04-21 16:23:09,101 - Amazon -INFO - User enterd user name as  : 55555
2023-04-21 16:23:16,645 - Amazon -INFO - User clicked on Continue button
2023-04-21 16:23:16,731 - Amazon -INFO - User enterd Password as  : Jagan@007
2023-04-21 16:23:26,963 - Amazon -INFO - Loading config Properties file
2023-04-21 16:23:26,964 - Amazon -INFO - Using browser- chrome
2023-04-21 16:23:26,964 - Amazon -INFO - Getting chrome webdriver
2023-04-21 16:23:31,879 - Amazon -INFO - Launched an application Url: using https://www.amazon.in/
2023-04-21 16:23:33,135 - Amazon -INFO - Click on SignIn
2023-04-21 16:23:33,161 - Amazon -INFO - Sign In Page displayed
2023-04-21 16:23:33,244 - Amazon -INFO - User enterd user name as  : 55555
2023-04-21 16:24:38,990 - Amazon -INFO - Loading config Properties file
2023-04-21 16:24:38,994 - Amazon -INFO - Using browser- chrome
2023-04-21 16:24:38,994 - Amazon -INFO - Getting chrome webdriver
2023-04-21 16:24:51,830 - Amazon -INFO - Launched an application Url: using https://www.amazon.in/
2023-04-21 16:24:53,618 - Amazon -INFO - Click on SignIn
2023-04-21 16:24:53,660 - Amazon -INFO - Sign In Page displayed
2023-04-21 16:24:53,741 - Amazon -INFO - User enterd user name as  : 4555
2023-04-21 16:25:27,700 - Amazon -INFO - Loading config Properties file
2023-04-21 16:25:27,704 - Amazon -INFO - Using browser- chrome
2023-04-21 16:25:27,704 - Amazon -INFO - Getting chrome webdriver
2023-04-21 16:25:40,587 - Amazon -INFO - Launched an application Url: using https://www.amazon.in/
2023-04-21 16:25:42,245 - Amazon -INFO - Click on SignIn
2023-04-21 16:25:42,286 - Amazon -INFO - Sign In Page displayed
2023-04-21 16:25:42,378 - Amazon -INFO - User enterd user name as  : 7093348874
2023-04-21 16:25:43,961 - Amazon -INFO - User clicked on Continue button
2023-04-21 16:25:44,025 - Amazon -INFO - Loading config Properties file
2023-04-21 16:25:44,025 - Amazon -INFO - Using browser- chrome
2023-04-21 16:25:44,025 - Amazon -INFO - Getting chrome webdriver
2023-04-21 16:25:47,129 - Amazon -INFO - Launched an application Url: using https://www.amazon.in/
2023-04-21 16:25:50,774 - Amazon -INFO - Click on SignIn
2023-04-21 16:25:50,812 - Amazon -INFO - Sign In Page displayed
2023-04-21 16:25:50,938 - Amazon -INFO - User enterd user name as  : 7093348874
2023-04-21 16:25:52,168 - Amazon -INFO - User clicked on Continue button
2023-04-21 16:25:52,330 - Amazon -INFO - User enterd Password as  : Jagan@007
2023-04-21 16:25:55,964 - Amazon -INFO - Loading config Properties file
2023-04-21 16:25:55,964 - Amazon -INFO - Using browser- chrome
2023-04-21 16:25:55,965 - Amazon -INFO - Getting chrome webdriver
2023-04-21 16:25:56,036 - Amazon -INFO - Loading config Properties file
2023-04-21 16:25:56,037 - Amazon -INFO - Using browser- chrome
2023-04-21 16:25:56,037 - Amazon -INFO - Getting chrome webdriver
2023-04-21 16:25:56,098 - Amazon -INFO - Loading config Properties file
2023-04-21 16:25:56,102 - Amazon -INFO - Using browser- chrome
2023-04-21 16:25:56,103 - Amazon -INFO - Getting chrome webdriver
2023-04-21 16:26:09,742 - Amazon -INFO - Loading config Properties file
2023-04-21 16:26:09,743 - Amazon -INFO - Using browser- chrome
2023-04-21 16:26:09,743 - Amazon -INFO - Getting chrome webdriver
2023-04-21 16:26:13,258 - Amazon -INFO - Launched an application Url: using https://www.amazon.in/
2023-04-21 16:26:14,706 - Amazon -INFO - Click on SignIn
2023-04-21 16:26:14,730 - Amazon -INFO - Sign In Page displayed
2023-04-21 16:26:14,813 - Amazon -INFO - User enterd user name as  : 7093348874
2023-04-21 16:26:15,606 - Amazon -INFO - User clicked on Continue button
2023-04-21 16:26:15,674 - Amazon -INFO - User enterd Password as  : Jagan@007
2023-04-21 16:26:27,246 - Amazon -INFO - Loading config Properties file
2023-04-21 16:26:27,246 - Amazon -INFO - Using browser- chrome
2023-04-21 16:26:27,247 - Amazon -INFO - Getting chrome webdriver
2023-04-21 16:26:31,987 - Amazon -INFO - Launched an application Url: using https://www.amazon.in/
2023-04-21 16:26:33,320 - Amazon -INFO - Click on SignIn
2023-04-21 16:26:33,344 - Amazon -INFO - Sign In Page displayed
2023-04-21 16:26:33,428 - Amazon -INFO - User enterd user name as  : 7093348874
2023-04-21 16:26:34,465 - Amazon -INFO - User clicked on Continue button
2023-04-21 16:26:34,531 - Amazon -INFO - User enterd Password as  : Jagan@007
2023-04-21 16:27:08,384 - Amazon -INFO - Loading config Properties file
2023-04-21 16:27:08,388 - Amazon -INFO - Using browser- chrome
2023-04-21 16:27:08,389 - Amazon -INFO - Getting chrome webdriver
2023-04-21 16:27:20,014 - Amazon -INFO - Launched an application Url: using https://www.amazon.in/
2023-04-21 16:27:23,253 - Amazon -INFO - Click on SignIn
2023-04-21 16:27:23,293 - Amazon -INFO - Sign In Page displayed
2023-04-21 16:27:23,392 - Amazon -INFO - User enterd user name as  : 7093348874
2023-04-21 16:27:24,416 - Amazon -INFO - User clicked on Continue button
2023-04-21 16:27:24,489 - Amazon -INFO - Loading config Properties file
2023-04-21 16:27:24,490 - Amazon -INFO - Using browser- chrome
2023-04-21 16:27:24,490 - Amazon -INFO - Getting chrome webdriver
2023-04-21 16:27:28,962 - Amazon -INFO - Launched an application Url: using https://www.amazon.in/
2023-04-21 16:27:30,178 - Amazon -INFO - Click on SignIn
2023-04-21 16:27:30,216 - Amazon -INFO - Sign In Page displayed
2023-04-21 16:27:30,331 - Amazon -INFO - User enterd user name as  : 7093348874
2023-04-21 16:27:30,998 - Amazon -INFO - User clicked on Continue button
2023-04-21 16:27:31,087 - Amazon -INFO - User enterd Password as  : Jagan@007
2023-04-21 16:27:49,946 - Amazon -INFO - Loading config Properties file
2023-04-21 16:27:49,947 - Amazon -INFO - Using browser- chrome
2023-04-21 16:27:49,947 - Amazon -INFO - Getting chrome webdriver
2023-04-21 16:27:55,999 - Amazon -INFO - Launched an application Url: using https://www.amazon.in/
2023-04-21 16:27:57,154 - Amazon -INFO - Click on SignIn
2023-04-21 16:27:57,194 - Amazon -INFO - Sign In Page displayed
2023-04-21 16:27:57,303 - Amazon -INFO - User enterd user name as  : 7093348874
2023-04-21 16:27:58,039 - Amazon -INFO - User clicked on Continue button
2023-04-21 16:27:58,117 - Amazon -INFO - User enterd Password as  : Jagan@007
2023-04-21 16:28:08,859 - Amazon -INFO - Loading config Properties file
2023-04-21 16:28:08,860 - Amazon -INFO - Using browser- chrome
2023-04-21 16:28:08,860 - Amazon -INFO - Getting chrome webdriver
2023-04-21 16:28:15,411 - Amazon -INFO - Launched an application Url: using https://www.amazon.in/
2023-04-21 16:28:18,151 - Amazon -INFO - Click on SignIn
2023-04-21 16:28:18,177 - Amazon -INFO - Sign In Page displayed
2023-04-21 16:28:18,259 - Amazon -INFO - User enterd user name as  : 7093348874
2023-04-21 16:28:18,961 - Amazon -INFO - User clicked on Continue button
2023-04-21 16:28:19,024 - Amazon -INFO - User enterd Password as  : Jagan@007
2023-04-21 16:29:25,322 - Amazon -INFO - Loading config Properties file
2023-04-21 16:29:25,327 - Amazon -INFO - Using browser- chrome
2023-04-21 16:29:25,328 - Amazon -INFO - Getting chrome webdriver
2023-04-21 16:29:37,852 - Amazon -INFO - Launched an application Url: using https://www.amazon.in/
2023-04-21 16:29:39,927 - Amazon -INFO - Click on SignIn
2023-04-21 16:29:39,974 - Amazon -INFO - Sign In Page displayed
2023-04-21 16:29:40,075 - Amazon -INFO - User enterd user name as  : 7093348874
2023-04-21 16:29:41,063 - Amazon -INFO - User clicked on Continue button
2023-04-21 16:42:15,780 - Amazon -INFO - Loading config Properties file
2023-04-21 16:42:15,784 - Amazon -INFO - Using browser- chrome
2023-04-21 16:42:15,784 - Amazon -INFO - Getting chrome webdriver
2023-04-21 16:42:25,873 - Amazon -INFO - Launched an application Url: using https://www.amazon.in/
2023-04-21 16:42:27,764 - Amazon -INFO - Click on SignIn
2023-04-21 16:42:27,804 - Amazon -INFO - Sign In Page displayed
2023-04-21 16:42:27,908 - Amazon -INFO - User enterd user name as  : 7093348874
2023-04-21 16:42:28,959 - Amazon -INFO - User clicked on Continue button
2023-04-21 16:42:29,024 - Amazon -INFO - User enterd Password as  : Jagan@007
2023-04-21 16:48:52,059 - Amazon -INFO - Loading config Properties file
2023-04-21 16:48:52,063 - Amazon -INFO - Using browser- chrome
2023-04-21 16:48:52,064 - Amazon -INFO - Getting chrome webdriver
2023-04-21 16:49:06,753 - Amazon -INFO - Launched an application Url: using https://www.amazon.in/
2023-04-21 16:49:12,220 - Amazon -INFO - Click on SignIn
2023-04-21 16:49:12,256 - Amazon -INFO - Sign In Page displayed
2023-04-21 16:49:12,359 - Amazon -INFO - User enterd user name as  : 7093348874
2023-04-21 16:49:15,449 - Amazon -INFO - User clicked on Continue button
2023-04-21 16:49:15,529 - Amazon -INFO - User enterd Password as  : Jagan@007
2023-06-22 16:14:20,370 - Amazon -INFO - Loading config Properties file
2023-06-22 16:14:20,447 - Amazon -INFO - Using browser- chrome
2023-06-22 16:14:20,450 - Amazon -INFO - Getting chrome webdriver
